❯ /clear
  ⎿  (no content)

❯ read <project-root>/docs into context

● I'll read the contents of the docs directory for you.                                                                                                                                                                          11:25 PM  claude-sonnet-4-5-20250929

● Search(pattern: "docs/**/*")
  ⎿  Found 3 files
     /home/rikkt0r/projects/10xdevs_training_project/docs/database-schema.md
     /home/rikkt0r/projects/10xdevs_training_project/docs/PRD.md
     /home/rikkt0r/projects/10xdevs_training_project/docs/api-endpoints.md

● Read(/home/rikkt0r/projects/10xdevs_training_project/docs/PRD.md)
  ⎿  Read 461 lines

● Read(/home/rikkt0r/projects/10xdevs_training_project/docs/database-schema.md)
  ⎿  Read 398 lines

● Read(/home/rikkt0r/projects/10xdevs_training_project/docs/api-endpoints.md)
  ⎿  Read 1105 lines

● I've successfully read all documentation files from the /docs directory into context. Here's what's now available:                                                                                                             11:26 PM  claude-sonnet-4-5-20250929

  Documentation Summary

  1. PRD.md - Product Requirements Document
  - Complete project specification for a Simple Issue Tracker application
  - Tech stack: React/Redux frontend, FastAPI/Python backend, PostgreSQL database
  - Key features: ticket boards, email integration (IMAP/SMTP), external platform integration (Jira/Trello), manager authentication, public web forms

  2. database-schema.md - Database Schema Specification
  - 10 tables with detailed column definitions, constraints, and indexes:
    - managers, manager_tokens, email_inboxes
    - boards, board_keywords
    - tickets, ticket_status_changes, external_tickets
    - standby_queue_items, processed_emails
  - Includes ERD and encryption notes

  3. api-endpoints.md - API Endpoint Specification
  - Complete RESTful API documentation with 12 endpoint categories
  - Authentication, manager profile, email inboxes, boards, tickets, standby queue, public endpoints
  - Request/response formats, validation rules, error codes, rate limiting

  All documentation is now in context and ready to reference for any implementation tasks.

❯ implement all remaining ORM classes in the backend

● I'll implement all remaining ORM classes based on the database schema. Let me first check what's already been implemented.                                                                                                     11:26 PM  claude-sonnet-4-5-20250929

● Read(/home/rikkt0r/projects/10xdevs_training_project/backend/app/models/__init__.py)
  ⎿  Read 21 lines

● Read(/home/rikkt0r/projects/10xdevs_training_project/backend/app/models/board.py)
  ⎿  Read 38 lines

● Read(/home/rikkt0r/projects/10xdevs_training_project/backend/app/models/email_inbox.py)
  ⎿  Read 46 lines

● Read(/home/rikkt0r/projects/10xdevs_training_project/backend/app/models/standby_queue_item.py)
  ⎿  Read 37 lines

● Search(pattern: "backend/app/models/*.py")
  ⎿  Found 6 files
     /home/rikkt0r/projects/10xdevs_training_project/backend/app/models/manager.py
     /home/rikkt0r/projects/10xdevs_training_project/backend/app/models/manager_token.py
     /home/rikkt0r/projects/10xdevs_training_project/backend/app/models/email_inbox.py
     /home/rikkt0r/projects/10xdevs_training_project/backend/app/models/standby_queue_item.py
     /home/rikkt0r/projects/10xdevs_training_project/backend/app/models/__init__.py
     /home/rikkt0r/projects/10xdevs_training_project/backend/app/models/board.py

● Read(/home/rikkt0r/projects/10xdevs_training_project/backend/app/models/manager.py)
  ⎿  Read 32 lines

● Read(/home/rikkt0r/projects/10xdevs_training_project/backend/app/models/manager_token.py)
  ⎿  Read 34 lines

● Now I'll create the remaining ORM models. Based on the database schema, I need to implement:                                                                                                                                   11:26 PM  claude-sonnet-4-5-20250929

● Write(/home/rikkt0r/projects/10xdevs_training_project/backend/app/models/board_keyword.py)
  ⎿  Wrote 29 lines to /home/rikkt0r/projects/10xdevs_training_project/backend/app/models/board_keyword.py
       1 """
       2 Board keyword model for email routing to boards.
       3 """
       4 from sqlalchemy import Column, Integer, String, TIMESTAMP, ForeignKey, Index, UniqueConstraint
       5 from sqlalchemy.sql import func
       6 from sqlalchemy.orm import relationship
       7
       8 from app.core.database import Base
       9
      10
      11 class BoardKeyword(Base):
      12     """Board keyword model for email subject matching."""
      13
      14     __tablename__ = "board_keywords"
      15
      16     id = Column(Integer, primary_key=True, index=True)
      17     board_id = Column(Integer, ForeignKey("boards.id", ondelete="CASCADE"), nullable=False, index=True)
      18     keyword = Column(String(255), nullable=False)
      19     created_at = Column(TIMESTAMP, nullable=False, server_default=func.now())
      20
      21     # Relationships
      22     board = relationship("Board", back_populates="keywords")
      23
      24     # Constraints
      25     __table_args__ = (
      26         UniqueConstraint("board_id", "keyword", name="uq_board_keyword"),
      27         Index("idx_board_keywords_keyword_lower", func.lower(keyword)),
      28     )

● Write(/home/rikkt0r/projects/10xdevs_training_project/backend/app/models/ticket.py)
  ⎿  Wrote 46 lines to /home/rikkt0r/projects/10xdevs_training_project/backend/app/models/ticket.py
       1 """
       2 Ticket model for internal tickets.
       3 """
       4 from sqlalchemy import Column, Integer, String, TIMESTAMP, Text, ForeignKey, CheckConstraint, Index
       5 from sqlalchemy.dialects.postgresql import UUID
       6 from sqlalchemy.sql import func
       7 from sqlalchemy.orm import relationship
       8 import uuid
       9
      10 from app.core.database import Base
      11
      12
      13 class Ticket(Base):
      14     """Internal ticket model."""
      15
      16     __tablename__ = "tickets"
      17
      18     id = Column(Integer, primary_key=True, index=True)
      19     uuid = Column(UUID(as_uuid=True), unique=True, nullable=False, default=uuid.uuid4, index=True)
      20     board_id = Column(Integer, ForeignKey("boards.id", ondelete="CASCADE"), nullable=False, index=True)
      21     title = Column(String(255), nullable=False)
      22     description = Column(Text, nullable=False)
      23     state = Column(String(20), nullable=False, default="new")
      24     creator_email = Column(String(255), nullable=False, index=True)
      25     source = Column(String(20), nullable=False, default="web")
      26     created_at = Column(TIMESTAMP, nullable=False, server_default=func.now())
      27     updated_at = Column(TIMESTAMP, nullable=False, server_default=func.now(), onupdate=func.now())
      28
      29     # Relationships
      30     board = relationship("Board", back_populates="tickets")
      31     status_changes = relationship("TicketStatusChange", back_populates="ticket", cascade="all, delete-orphan")
      32
      33     # Constraints
      34     __table_args__ = (
      35         CheckConstraint(
      36             "state IN ('new', 'in_progress', 'closed', 'rejected')",
      37             name="check_ticket_state"
      38         ),
      39         CheckConstraint(
      40             "source IN ('web', 'email')",
      41             name="check_ticket_source"
      42         ),
      43         Index("idx_tickets_board_state", "board_id", "state"),
      44         Index("idx_tickets_board_created", "board_id", "created_at"),
      45     )

● Write(/home/rikkt0r/projects/10xdevs_training_project/backend/app/models/ticket_status_change.py)
  ⎿  Wrote 42 lines to /home/rikkt0r/projects/10xdevs_training_project/backend/app/models/ticket_status_change.py
       1 """
       2 Ticket status change model for audit log of ticket state transitions.
       3 """
       4 from sqlalchemy import Column, Integer, String, TIMESTAMP, Text, ForeignKey, CheckConstraint, Index
       5 from sqlalchemy.sql import func
       6 from sqlalchemy.orm import relationship
       7
       8 from app.core.database import Base
       9
      10
      11 class TicketStatusChange(Base):
      12     """Ticket status change audit log model."""
      13
      14     __tablename__ = "ticket_status_changes"
      15
      16     id = Column(Integer, primary_key=True, index=True)
      17     ticket_id = Column(Integer, ForeignKey("tickets.id", ondelete="CASCADE"), nullable=False, index=True)
      18     previous_state = Column(String(20), nullable=False)
      19     new_state = Column(String(20), nullable=False)
      20     comment = Column(Text, nullable=True)
      21     created_at = Column(TIMESTAMP, nullable=False, server_default=func.now())
      22
      23     # Relationships
      24     ticket = relationship("Ticket", back_populates="status_changes")
      25
      26     # Constraints
      27     __table_args__ = (
      28         CheckConstraint(
      29             "previous_state IN ('new', 'in_progress', 'closed', 'rejected')",
      30             name="check_previous_state"
      31         ),
      32         CheckConstraint(
      33             "new_state IN ('new', 'in_progress', 'closed', 'rejected')",
      34             name="check_new_state"
      35         ),
      36         CheckConstraint(
      37             "previous_state <> new_state",
      38             name="check_state_different"
      39         ),
      40         Index("idx_ticket_status_changes_ticket_created", "ticket_id", "created_at"),
      41     )

● Write(/home/rikkt0r/projects/10xdevs_training_project/backend/app/models/external_ticket.py)
  ⎿  Wrote 38 lines to /home/rikkt0r/projects/10xdevs_training_project/backend/app/models/external_ticket.py
       1 """
       2 External ticket model for references to tickets created in external platforms.
       3 """
       4 from sqlalchemy import Column, Integer, String, TIMESTAMP, ForeignKey, CheckConstraint, Index
       5 from sqlalchemy.dialects.postgresql import UUID
       6 from sqlalchemy.sql import func
       7 from sqlalchemy.orm import relationship
       8 import uuid
       9
      10 from app.core.database import Base
      11
      12
      13 class ExternalTicket(Base):
      14     """External ticket reference model."""
      15
      16     __tablename__ = "external_tickets"
      17
      18     id = Column(Integer, primary_key=True, index=True)
      19     uuid = Column(UUID(as_uuid=True), unique=True, nullable=False, default=uuid.uuid4, index=True)
      20     board_id = Column(Integer, ForeignKey("boards.id", ondelete="CASCADE"), nullable=False, index=True)
      21     title = Column(String(255), nullable=False)
      22     creator_email = Column(String(255), nullable=False, index=True)
      23     external_url = Column(String(2048), nullable=False)
      24     external_id = Column(String(255), nullable=True)
      25     platform_type = Column(String(20), nullable=False)
      26     created_at = Column(TIMESTAMP, nullable=False, server_default=func.now())
      27
      28     # Relationships
      29     board = relationship("Board", back_populates="external_tickets")
      30
      31     # Constraints
      32     __table_args__ = (
      33         CheckConstraint(
      34             "platform_type IN ('jira', 'trello')",
      35             name="check_platform_type"
      36         ),
      37     )

● Write(/home/rikkt0r/projects/10xdevs_training_project/backend/app/models/processed_email.py)
  ⎿  Wrote 32 lines to /home/rikkt0r/projects/10xdevs_training_project/backend/app/models/processed_email.py
       1 """
       2 Processed email model for tracking processed emails for duplicate prevention.
       3 """
       4 from sqlalchemy import Column, Integer, String, TIMESTAMP, ForeignKey, UniqueConstraint, Index
       5 from sqlalchemy.sql import func
       6 from sqlalchemy.orm import relationship
       7
       8 from app.core.database import Base
       9
      10
      11 class ProcessedEmail(Base):
      12     """Processed email tracking model."""
      13
      14     __tablename__ = "processed_emails"
      15
      16     id = Column(Integer, primary_key=True, index=True)
      17     inbox_id = Column(Integer, ForeignKey("email_inboxes.id", ondelete="CASCADE"), nullable=False)
      18     message_id = Column(String(255), nullable=False)
      19     sender_email = Column(String(255), nullable=False)
      20     subject_hash = Column(String(64), nullable=False)
      21     processed_at = Column(TIMESTAMP, nullable=False, server_default=func.now())
      22
      23     # Relationships
      24     inbox = relationship("EmailInbox", back_populates="processed_emails")
      25
      26     # Constraints
      27     __table_args__ = (
      28         UniqueConstraint("inbox_id", "message_id", name="uq_inbox_message"),
      29         Index("idx_processed_emails_inbox_message", "inbox_id", "message_id"),
      30         Index("idx_processed_emails_duplicate_check", "inbox_id", "sender_email", "subject_hash", "processed_at"),
      31     )

● Update(/home/rikkt0r/projects/10xdevs_training_project/backend/app/models/__init__.py)
  ⎿  Added 10 lines
       8  from app.models.manager_token import ManagerToken
       9  from app.models.email_inbox import EmailInbox
      10  from app.models.board import Board
      11 +from app.models.board_keyword import BoardKeyword
      12 +from app.models.ticket import Ticket
      13 +from app.models.ticket_status_change import TicketStatusChange
      14 +from app.models.external_ticket import ExternalTicket
      15  from app.models.standby_queue_item import StandbyQueueItem
      16 +from app.models.processed_email import ProcessedEmail
      17
      18  __all__ = [
      19      "Base",
     ...
      21      "ManagerToken",
      22      "EmailInbox",
      23      "Board",
      24 +    "BoardKeyword",
      25 +    "Ticket",
      26 +    "TicketStatusChange",
      27 +    "ExternalTicket",
      28      "StandbyQueueItem",
      29 +    "ProcessedEmail",
      30  ]

● Update(/home/rikkt0r/projects/10xdevs_training_project/backend/app/models/board.py)
  ⎿  Added 3 lines
      27
      28      # Relationships
      29      manager = relationship("Manager", back_populates="boards")
      30 +    keywords = relationship("BoardKeyword", back_populates="board", cascade="all, delete-orphan")
      31 +    tickets = relationship("Ticket", back_populates="board", cascade="all, delete-orphan")
      32 +    external_tickets = relationship("ExternalTicket", back_populates="board", cascade="all, delete-orphan")
      33
      34      # Constraints
      35      __table_args__ = (

● Update(/home/rikkt0r/projects/10xdevs_training_project/backend/app/models/email_inbox.py)
  ⎿  Added 1 line
      35
      36      # Relationships
      37      manager = relationship("Manager", back_populates="email_inboxes")
      38 +    processed_emails = relationship("ProcessedEmail", back_populates="inbox", cascade="all, delete-orphan")
      39
      40      # Constraints
      41      __table_args__ = (

● Let me verify that all models are correctly implemented by checking if they can be imported:                                                                                                                                   11:27 PM  claude-sonnet-4-5-20250929

● Bash(cd /home/rikkt0r/projects/10xdevs_training_project/backend && python -c "from app.models import *; print('All models imported successfully'); print('Available models:', __all__)")
  ⎿  Error: Exit code 1
     Traceback (most recent call last):
       File "<string>", line 1, in <module>
         from app.models import *; print('All models imported successfully'); print('Available models:', __all__)
         ^^^^^^^^^^^^^^^^^^^^^^^^
       File "/home/rikkt0r/projects/10xdevs_training_project/backend/app/models/__init__.py", line 4, in <module>
         from app.core.database import Base
       File "/home/rikkt0r/projects/10xdevs_training_project/backend/app/core/database.py", line 4, in <module>
         from sqlalchemy import create_engine
     ModuleNotFoundError: No module named 'sqlalchemy'

● Let me check for syntax errors without needing SQLAlchemy installed:                                                                                                                                                           11:27 PM  claude-sonnet-4-5-20250929

● Bash(cd /home/rikkt0r/projects/10xdevs_training_project/backend && python -m py_compile app/models/board_keyword.py app/models/ticket.py app/models/ticket_status_change.py app/models/external_ticket.py app/models/processed_email.py && echo "All new model files have
      valid Python syntax")
  ⎿  All new model files have valid Python syntax

● Perfect! Let me verify the complete list of implemented models:                                                                                                                                                                11:28 PM  claude-sonnet-4-5-20250929

● Bash(ls -1 app/models/*.py | grep -v __pycache__ | grep -v __init__)
  ⎿  No matches found

● Bash(find app/models -name "*.py" -type f | sort)
  ⎿  (No content)

● Bash(find /home/rikkt0r/projects/10xdevs_training_project/backend/app/models -name "*.py" -type f | sort)
  ⎿  (No content)

● Search(pattern: "backend/app/models/*.py")
  ⎿  Found 11 files
     /home/rikkt0r/projects/10xdevs_training_project/backend/app/models/manager.py
     /home/rikkt0r/projects/10xdevs_training_project/backend/app/models/manager_token.py
     /home/rikkt0r/projects/10xdevs_training_project/backend/app/models/standby_queue_item.py
     /home/rikkt0r/projects/10xdevs_training_project/backend/app/models/board_keyword.py
     /home/rikkt0r/projects/10xdevs_training_project/backend/app/models/ticket.py
     /home/rikkt0r/projects/10xdevs_training_project/backend/app/models/ticket_status_change.py
     /home/rikkt0r/projects/10xdevs_training_project/backend/app/models/external_ticket.py
     /home/rikkt0r/projects/10xdevs_training_project/backend/app/models/processed_email.py
     /home/rikkt0r/projects/10xdevs_training_project/backend/app/models/__init__.py
     /home/rikkt0r/projects/10xdevs_training_project/backend/app/models/board.py
     /home/rikkt0r/projects/10xdevs_training_project/backend/app/models/email_inbox.py

● Perfect! All ORM models have been successfully implemented. Here's a summary of what was created:                                                                                                                              11:28 PM  claude-sonnet-4-5-20250929

  Implemented ORM Models

  Previously Existing:

  1. Manager (manager.py) - Manager accounts
  2. ManagerToken (manager_token.py) - JWT and verification tokens
  3. EmailInbox (email_inbox.py) - IMAP/SMTP configuration
  4. Board (board.py) - Ticket boards
  5. StandbyQueueItem (standby_queue_item.py) - Unrouted emails queue

  Newly Created:

  6. BoardKeyword (board_keyword.py) - Keywords for email routing
  7. Ticket (ticket.py) - Internal tickets with UUID support
  8. TicketStatusChange (ticket_status_change.py) - Audit log for state transitions
  9. ExternalTicket (external_ticket.py) - References to Jira/Trello tickets
  10. ProcessedEmail (processed_email.py) - Duplicate email prevention

  Key Features:

  - All models follow SQLAlchemy best practices with proper relationships
  - Includes all constraints from the database schema (CHECK constraints, unique constraints)
  - Proper indexes for query optimization
  - UUID support for public-facing identifiers (tickets and external tickets)
  - Cascade delete/orphan removal configured appropriately
  - Timestamps with automatic updates (created_at, updated_at)
  - All models exported in __init__.py for Alembic migration detection

  The models are ready for database migration creation using Alembic!

✻ Worked for 1m 37s

❯ load virtualenv and create the migration

● I'll load the virtualenv and create the migration for all the ORM models.                                                                                                                                                      11:28 PM  claude-sonnet-4-5-20250929

● Bash(ls -la | grep -E "venv|.venv|env")
  ⎿  No matches found

● Bash(find /home/rikkt0r/projects/10xdevs_training_project -maxdepth 3 -type d -name "venv" -o -name ".venv" -o -name "env" 2>/dev/null)
  ⎿  /home/rikkt0r/projects/10xdevs_training_project/backend/venv

● Bash(source venv/bin/activate && which python)
  ⎿  /home/rikkt0r/projects/10xdevs_training_project/backend/venv/bin/python

● Bash(source venv/bin/activate && ls -la | grep alembic)
  ⎿  No matches found

● Search(pattern: "backend/alembic*")
  ⎿  Found 2 files
     /home/rikkt0r/projects/10xdevs_training_project/backend/alembic.ini.example
     /home/rikkt0r/projects/10xdevs_training_project/backend/alembic.ini

● Search(pattern: "backend/alembic/**/*")
  ⎿  Found 5 files
     /home/rikkt0r/projects/10xdevs_training_project/backend/alembic/env.py
     /home/rikkt0r/projects/10xdevs_training_project/backend/alembic/script.py.mako
     /home/rikkt0r/projects/10xdevs_training_project/backend/alembic/__pycache__/env.cpython-313.pyc
     /home/rikkt0r/projects/10xdevs_training_project/backend/alembic/versions/1becd249597c_add_manager_and_managertoken_models.py
     /home/rikkt0r/projects/10xdevs_training_project/backend/alembic/versions/__pycache__/1becd249597c_add_manager_and_managertoken_models.cpython-313.pyc

● Bash(source venv/bin/activate && alembic current)
  ⎿  Error: Exit code 1
     Traceback (most recent call last):
       File "/home/rikkt0r/projects/10xdevs_training_project/backend/venv/lib/python3.13/site-packages/sqlalchemy/engine/base.py", line 143, in __init__
         self._dbapi_connection = engine.raw_connection()
                                  ~~~~~~~~~~~~~~~~~~~~~^^
       File "/home/rikkt0r/projects/10xdevs_training_project/backend/venv/lib/python3.13/site-packages/sqlalchemy/engine/base.py", line 3309, in raw_connection
         return self.pool.connect()
                ~~~~~~~~~~~~~~~~~^^
       File "/home/rikkt0r/projects/10xdevs_training_project/backend/venv/lib/python3.13/site-packages/sqlalchemy/pool/base.py", line 447, in connect
         return _ConnectionFairy._checkout(self)
                ~~~~~~~~~~~~~~~~~~~~~~~~~~^^^^^^
       File "/home/rikkt0r/projects/10xdevs_training_project/backend/venv/lib/python3.13/site-packages/sqlalchemy/pool/base.py", line 1264, in _checkout
         fairy = _ConnectionRecord.checkout(pool)
       File "/home/rikkt0r/projects/10xdevs_training_project/backend/venv/lib/python3.13/site-packages/sqlalchemy/pool/base.py", line 711, in checkout
         rec = pool._do_get()
       File "/home/rikkt0r/projects/10xdevs_training_project/backend/venv/lib/python3.13/site-packages/sqlalchemy/pool/impl.py", line 306, in _do_get
         return self._create_connection()
                ~~~~~~~~~~~~~~~~~~~~~~~^^
       File "/home/rikkt0r/projects/10xdevs_training_project/backend/venv/lib/python3.13/site-packages/sqlalchemy/pool/base.py", line 388, in _create_connection
         return _ConnectionRecord(self)
       File "/home/rikkt0r/projects/10xdevs_training_project/backend/venv/lib/python3.13/site-packages/sqlalchemy/pool/base.py", line 673, in __init__
         self.__connect()
         ~~~~~~~~~~~~~~^^
       File "/home/rikkt0r/projects/10xdevs_training_project/backend/venv/lib/python3.13/site-packages/sqlalchemy/pool/base.py", line 899, in __connect
         with util.safe_reraise():
              ~~~~~~~~~~~~~~~~~^^
       File "/home/rikkt0r/projects/10xdevs_training_project/backend/venv/lib/python3.13/site-packages/sqlalchemy/util/langhelpers.py", line 224, in __exit__
         raise exc_value.with_traceback(exc_tb)
       File "/home/rikkt0r/projects/10xdevs_training_project/backend/venv/lib/python3.13/site-packages/sqlalchemy/pool/base.py", line 895, in __connect
         self.dbapi_connection = connection = pool._invoke_creator(self)
                                              ~~~~~~~~~~~~~~~~~~~~^^^^^^
       File "/home/rikkt0r/projects/10xdevs_training_project/backend/venv/lib/python3.13/site-packages/sqlalchemy/engine/create.py", line 661, in connect
         return dialect.connect(*cargs, **cparams)
                ~~~~~~~~~~~~~~~^^^^^^^^^^^^^^^^^^^
       File "/home/rikkt0r/projects/10xdevs_training_project/backend/venv/lib/python3.13/site-packages/sqlalchemy/engine/default.py", line 630, in connect
         return self.loaded_dbapi.connect(*cargs, **cparams)  # type: ignore[no-any-return]  # NOQA: E501
                ~~~~~~~~~~~~~~~~~~~~~~~~~^^^^^^^^^^^^^^^^^^^
       File "/home/rikkt0r/projects/10xdevs_training_project/backend/venv/lib/python3.13/site-packages/psycopg2/__init__.py", line 122, in connect
         conn = _connect(dsn, connection_factory=connection_factory, **kwasync)
     psycopg2.OperationalError: connection to server at "localhost" (::1), port 5432 failed: Connection refused
        Is the server running on that host and accepting TCP/IP connections?
     connection to server at "localhost" (127.0.0.1), port 5432 failed: Connection refused
        Is the server running on that host and accepting TCP/IP connections?


     The above exception was the direct cause of the following exception:

     Traceback (most recent call last):
       File "/home/rikkt0r/projects/10xdevs_training_project/backend/venv/bin/alembic", line 7, in <module>
         sys.exit(main())
                  ~~~~^^
       File "/home/rikkt0r/projects/10xdevs_training_project/backend/venv/lib/python3.13/site-packages/alembic/config.py", line 641, in main
         CommandLine(prog=prog).main(argv=argv)
         ~~~~~~~~~~~~~~~~~~~~~~~~~~~^^^^^^^^^^^
       File "/home/rikkt0r/projects/10xdevs_training_project/backend/venv/lib/python3.13/site-packages/alembic/config.py", line 631, in main
         self.run_cmd(cfg, options)
         ~~~~~~~~~~~~^^^^^^^^^^^^^^
       File "/home/rikkt0r/projects/10xdevs_training_project/backend/venv/lib/python3.13/site-packages/alembic/config.py", line 608, in run_cmd
         fn(
         ~~^
             config,
             ^^^^^^^
             *[getattr(options, k, None) for k in positional],
             ^^^^^^^^^^^^^^^^^^^^^^^^^^^^^^^^^^^^^^^^^^^^^^^^^
             **{k: getattr(options, k, None) for k in kwarg},
             ^^^^^^^^^^^^^^^^^^^^^^^^^^^^^^^^^^^^^^^^^^^^^^^^
         )
         ^
       File "/home/rikkt0r/projects/10xdevs_training_project/backend/venv/lib/python3.13/site-packages/alembic/command.py", line 625, in current
         script.run_env()
         ~~~~~~~~~~~~~~^^
       File "/home/rikkt0r/projects/10xdevs_training_project/backend/venv/lib/python3.13/site-packages/alembic/script/base.py", line 583, in run_env
         util.load_python_file(self.dir, "env.py")
         ~~~~~~~~~~~~~~~~~~~~~^^^^^^^

     ... [291 characters truncated] ...

     3.13/site-packages/alembic/util/pyfiles.py", line 113, in load_module_py
         spec.loader.exec_module(module)  # type: ignore
         ~~~~~~~~~~~~~~~~~~~~~~~^^^^^^^^
       File "<frozen importlib._bootstrap_external>", line 1023, in exec_module
       File "<frozen importlib._bootstrap>", line 488, in _call_with_frames_removed
       File "/home/rikkt0r/projects/10xdevs_training_project/backend/alembic/env.py", line 88, in <module>
         run_migrations_online()
         ~~~~~~~~~~~~~~~~~~~~~^^
       File "/home/rikkt0r/projects/10xdevs_training_project/backend/alembic/env.py", line 76, in run_migrations_online
         with connectable.connect() as connection:
              ~~~~~~~~~~~~~~~~~~~^^
       File "/home/rikkt0r/projects/10xdevs_training_project/backend/venv/lib/python3.13/site-packages/sqlalchemy/engine/base.py", line 3285, in connect
         return self._connection_cls(self)
                ~~~~~~~~~~~~~~~~~~~~^^^^^^
       File "/home/rikkt0r/projects/10xdevs_training_project/backend/venv/lib/python3.13/site-packages/sqlalchemy/engine/base.py", line 145, in __init__
         Connection._handle_dbapi_exception_noconnection(
         ~~~~~~~~~~~~~~~~~~~~~~~~~~~~~~~~~~~~~~~~~~~~~~~^
             err, dialect, engine
             ^^^^^^^^^^^^^^^^^^^^
         )
         ^
       File "/home/rikkt0r/projects/10xdevs_training_project/backend/venv/lib/python3.13/site-packages/sqlalchemy/engine/base.py", line 2448, in _handle_dbapi_exception_noconnection
         raise sqlalchemy_exception.with_traceback(exc_info[2]) from e
       File "/home/rikkt0r/projects/10xdevs_training_project/backend/venv/lib/python3.13/site-packages/sqlalchemy/engine/base.py", line 143, in __init__
         self._dbapi_connection = engine.raw_connection()
                                  ~~~~~~~~~~~~~~~~~~~~~^^
       File "/home/rikkt0r/projects/10xdevs_training_project/backend/venv/lib/python3.13/site-packages/sqlalchemy/engine/base.py", line 3309, in raw_connection
         return self.pool.connect()
                ~~~~~~~~~~~~~~~~~^^
       File "/home/rikkt0r/projects/10xdevs_training_project/backend/venv/lib/python3.13/site-packages/sqlalchemy/pool/base.py", line 447, in connect
         return _ConnectionFairy._checkout(self)
                ~~~~~~~~~~~~~~~~~~~~~~~~~~^^^^^^
       File "/home/rikkt0r/projects/10xdevs_training_project/backend/venv/lib/python3.13/site-packages/sqlalchemy/pool/base.py", line 1264, in _checkout
         fairy = _ConnectionRecord.checkout(pool)
       File "/home/rikkt0r/projects/10xdevs_training_project/backend/venv/lib/python3.13/site-packages/sqlalchemy/pool/base.py", line 711, in checkout
         rec = pool._do_get()
       File "/home/rikkt0r/projects/10xdevs_training_project/backend/venv/lib/python3.13/site-packages/sqlalchemy/pool/impl.py", line 306, in _do_get
         return self._create_connection()
                ~~~~~~~~~~~~~~~~~~~~~~~^^
       File "/home/rikkt0r/projects/10xdevs_training_project/backend/venv/lib/python3.13/site-packages/sqlalchemy/pool/base.py", line 388, in _create_connection
         return _ConnectionRecord(self)
       File "/home/rikkt0r/projects/10xdevs_training_project/backend/venv/lib/python3.13/site-packages/sqlalchemy/pool/base.py", line 673, in __init__
         self.__connect()
         ~~~~~~~~~~~~~~^^
       File "/home/rikkt0r/projects/10xdevs_training_project/backend/venv/lib/python3.13/site-packages/sqlalchemy/pool/base.py", line 899, in __connect
         with util.safe_reraise():
              ~~~~~~~~~~~~~~~~~^^
       File "/home/rikkt0r/projects/10xdevs_training_project/backend/venv/lib/python3.13/site-packages/sqlalchemy/util/langhelpers.py", line 224, in __exit__
         raise exc_value.with_traceback(exc_tb)
       File "/home/rikkt0r/projects/10xdevs_training_project/backend/venv/lib/python3.13/site-packages/sqlalchemy/pool/base.py", line 895, in __connect
         self.dbapi_connection = connection = pool._invoke_creator(self)
                                              ~~~~~~~~~~~~~~~~~~~~^^^^^^
       File "/home/rikkt0r/projects/10xdevs_training_project/backend/venv/lib/python3.13/site-packages/sqlalchemy/engine/create.py", line 661, in connect
         return dialect.connect(*cargs, **cparams)
                ~~~~~~~~~~~~~~~^^^^^^^^^^^^^^^^^^^
       File "/home/rikkt0r/projects/10xdevs_training_project/backend/venv/lib/python3.13/site-packages/sqlalchemy/engine/default.py", line 630, in connect
         return self.loaded_dbapi.connect(*cargs, **cparams)  # type: ignore[no-any-return]  # NOQA: E501
                ~~~~~~~~~~~~~~~~~~~~~~~~~^^^^^^^^^^^^^^^^^^^
       File "/home/rikkt0r/projects/10xdevs_training_project/backend/venv/lib/python3.13/site-packages/psycopg2/__init__.py", line 122, in connect
         conn = _connect(dsn, connection_factory=connection_factory, **kwasync)
     sqlalchemy.exc.OperationalError: (psycopg2.OperationalError) connection to server at "localhost" (::1), port 5432 failed: Connection refused
        Is the server running on that host and accepting TCP/IP connections?
     connection to server at "localhost" (127.0.0.1), port 5432 failed: Connection refused
        Is the server running on that host and accepting TCP/IP connections?

     (Background on this error at: https://sqlalche.me/e/20/e3q8)

● Bash(source venv/bin/activate && alembic revision --autogenerate -m "add all remaining models")
  ⎿  Error: Exit code 1
     Traceback (most recent call last):
       File "/home/rikkt0r/projects/10xdevs_training_project/backend/venv/lib/python3.13/site-packages/sqlalchemy/engine/base.py", line 143, in __init__
         self._dbapi_connection = engine.raw_connection()
                                  ~~~~~~~~~~~~~~~~~~~~~^^
       File "/home/rikkt0r/projects/10xdevs_training_project/backend/venv/lib/python3.13/site-packages/sqlalchemy/engine/base.py", line 3309, in raw_connection
         return self.pool.connect()
                ~~~~~~~~~~~~~~~~~^^
       File "/home/rikkt0r/projects/10xdevs_training_project/backend/venv/lib/python3.13/site-packages/sqlalchemy/pool/base.py", line 447, in connect
         return _ConnectionFairy._checkout(self)
                ~~~~~~~~~~~~~~~~~~~~~~~~~~^^^^^^
       File "/home/rikkt0r/projects/10xdevs_training_project/backend/venv/lib/python3.13/site-packages/sqlalchemy/pool/base.py", line 1264, in _checkout
         fairy = _ConnectionRecord.checkout(pool)
       File "/home/rikkt0r/projects/10xdevs_training_project/backend/venv/lib/python3.13/site-packages/sqlalchemy/pool/base.py", line 711, in checkout
         rec = pool._do_get()
       File "/home/rikkt0r/projects/10xdevs_training_project/backend/venv/lib/python3.13/site-packages/sqlalchemy/pool/impl.py", line 306, in _do_get
         return self._create_connection()
                ~~~~~~~~~~~~~~~~~~~~~~~^^
       File "/home/rikkt0r/projects/10xdevs_training_project/backend/venv/lib/python3.13/site-packages/sqlalchemy/pool/base.py", line 388, in _create_connection
         return _ConnectionRecord(self)
       File "/home/rikkt0r/projects/10xdevs_training_project/backend/venv/lib/python3.13/site-packages/sqlalchemy/pool/base.py", line 673, in __init__
         self.__connect()
         ~~~~~~~~~~~~~~^^
       File "/home/rikkt0r/projects/10xdevs_training_project/backend/venv/lib/python3.13/site-packages/sqlalchemy/pool/base.py", line 899, in __connect
         with util.safe_reraise():
              ~~~~~~~~~~~~~~~~~^^
       File "/home/rikkt0r/projects/10xdevs_training_project/backend/venv/lib/python3.13/site-packages/sqlalchemy/util/langhelpers.py", line 224, in __exit__
         raise exc_value.with_traceback(exc_tb)
       File "/home/rikkt0r/projects/10xdevs_training_project/backend/venv/lib/python3.13/site-packages/sqlalchemy/pool/base.py", line 895, in __connect
         self.dbapi_connection = connection = pool._invoke_creator(self)
                                              ~~~~~~~~~~~~~~~~~~~~^^^^^^
       File "/home/rikkt0r/projects/10xdevs_training_project/backend/venv/lib/python3.13/site-packages/sqlalchemy/engine/create.py", line 661, in connect
         return dialect.connect(*cargs, **cparams)
                ~~~~~~~~~~~~~~~^^^^^^^^^^^^^^^^^^^
       File "/home/rikkt0r/projects/10xdevs_training_project/backend/venv/lib/python3.13/site-packages/sqlalchemy/engine/default.py", line 630, in connect
         return self.loaded_dbapi.connect(*cargs, **cparams)  # type: ignore[no-any-return]  # NOQA: E501
                ~~~~~~~~~~~~~~~~~~~~~~~~~^^^^^^^^^^^^^^^^^^^
       File "/home/rikkt0r/projects/10xdevs_training_project/backend/venv/lib/python3.13/site-packages/psycopg2/__init__.py", line 122, in connect
         conn = _connect(dsn, connection_factory=connection_factory, **kwasync)
     psycopg2.OperationalError: connection to server at "localhost" (::1), port 5432 failed: Connection refused
        Is the server running on that host and accepting TCP/IP connections?
     connection to server at "localhost" (127.0.0.1), port 5432 failed: Connection refused
        Is the server running on that host and accepting TCP/IP connections?


     The above exception was the direct cause of the following exception:

     Traceback (most recent call last):
       File "/home/rikkt0r/projects/10xdevs_training_project/backend/venv/bin/alembic", line 7, in <module>
         sys.exit(main())
                  ~~~~^^
       File "/home/rikkt0r/projects/10xdevs_training_project/backend/venv/lib/python3.13/site-packages/alembic/config.py", line 641, in main
         CommandLine(prog=prog).main(argv=argv)
         ~~~~~~~~~~~~~~~~~~~~~~~~~~~^^^^^^^^^^^
       File "/home/rikkt0r/projects/10xdevs_training_project/backend/venv/lib/python3.13/site-packages/alembic/config.py", line 631, in main
         self.run_cmd(cfg, options)
         ~~~~~~~~~~~~^^^^^^^^^^^^^^
       File "/home/rikkt0r/projects/10xdevs_training_project/backend/venv/lib/python3.13/site-packages/alembic/config.py", line 608, in run_cmd
         fn(
         ~~^
             config,
             ^^^^^^^
             *[getattr(options, k, None) for k in positional],
             ^^^^^^^^^^^^^^^^^^^^^^^^^^^^^^^^^^^^^^^^^^^^^^^^^
             **{k: getattr(options, k, None) for k in kwarg},
             ^^^^^^^^^^^^^^^^^^^^^^^^^^^^^^^^^^^^^^^^^^^^^^^^
         )
         ^
       File "/home/rikkt0r/projects/10xdevs_training_project/backend/venv/lib/python3.13/site-packages/alembic/command.py", line 236, in revision
         script_directory.run_env()
         ~~~~~~~~~~~~~~~~~~~~~~~~^^
       File "/home/rikkt0r/projects/10xdevs_training_project/backend/venv/lib/python3.13/site-packages/alembic/script/base.py", line 583, in run_env
         util.load_python_file(self.dir, "env.py")
         ~~~~~~~

     ... [312 characters truncated] ...

     3.13/site-packages/alembic/util/pyfiles.py", line 113, in load_module_py
         spec.loader.exec_module(module)  # type: ignore
         ~~~~~~~~~~~~~~~~~~~~~~~^^^^^^^^
       File "<frozen importlib._bootstrap_external>", line 1023, in exec_module
       File "<frozen importlib._bootstrap>", line 488, in _call_with_frames_removed
       File "/home/rikkt0r/projects/10xdevs_training_project/backend/alembic/env.py", line 88, in <module>
         run_migrations_online()
         ~~~~~~~~~~~~~~~~~~~~~^^
       File "/home/rikkt0r/projects/10xdevs_training_project/backend/alembic/env.py", line 76, in run_migrations_online
         with connectable.connect() as connection:
              ~~~~~~~~~~~~~~~~~~~^^
       File "/home/rikkt0r/projects/10xdevs_training_project/backend/venv/lib/python3.13/site-packages/sqlalchemy/engine/base.py", line 3285, in connect
         return self._connection_cls(self)
                ~~~~~~~~~~~~~~~~~~~~^^^^^^
       File "/home/rikkt0r/projects/10xdevs_training_project/backend/venv/lib/python3.13/site-packages/sqlalchemy/engine/base.py", line 145, in __init__
         Connection._handle_dbapi_exception_noconnection(
         ~~~~~~~~~~~~~~~~~~~~~~~~~~~~~~~~~~~~~~~~~~~~~~~^
             err, dialect, engine
             ^^^^^^^^^^^^^^^^^^^^
         )
         ^
       File "/home/rikkt0r/projects/10xdevs_training_project/backend/venv/lib/python3.13/site-packages/sqlalchemy/engine/base.py", line 2448, in _handle_dbapi_exception_noconnection
         raise sqlalchemy_exception.with_traceback(exc_info[2]) from e
       File "/home/rikkt0r/projects/10xdevs_training_project/backend/venv/lib/python3.13/site-packages/sqlalchemy/engine/base.py", line 143, in __init__
         self._dbapi_connection = engine.raw_connection()
                                  ~~~~~~~~~~~~~~~~~~~~~^^
       File "/home/rikkt0r/projects/10xdevs_training_project/backend/venv/lib/python3.13/site-packages/sqlalchemy/engine/base.py", line 3309, in raw_connection
         return self.pool.connect()
                ~~~~~~~~~~~~~~~~~^^
       File "/home/rikkt0r/projects/10xdevs_training_project/backend/venv/lib/python3.13/site-packages/sqlalchemy/pool/base.py", line 447, in connect
         return _ConnectionFairy._checkout(self)
                ~~~~~~~~~~~~~~~~~~~~~~~~~~^^^^^^
       File "/home/rikkt0r/projects/10xdevs_training_project/backend/venv/lib/python3.13/site-packages/sqlalchemy/pool/base.py", line 1264, in _checkout
         fairy = _ConnectionRecord.checkout(pool)
       File "/home/rikkt0r/projects/10xdevs_training_project/backend/venv/lib/python3.13/site-packages/sqlalchemy/pool/base.py", line 711, in checkout
         rec = pool._do_get()
       File "/home/rikkt0r/projects/10xdevs_training_project/backend/venv/lib/python3.13/site-packages/sqlalchemy/pool/impl.py", line 306, in _do_get
         return self._create_connection()
                ~~~~~~~~~~~~~~~~~~~~~~~^^
       File "/home/rikkt0r/projects/10xdevs_training_project/backend/venv/lib/python3.13/site-packages/sqlalchemy/pool/base.py", line 388, in _create_connection
         return _ConnectionRecord(self)
       File "/home/rikkt0r/projects/10xdevs_training_project/backend/venv/lib/python3.13/site-packages/sqlalchemy/pool/base.py", line 673, in __init__
         self.__connect()
         ~~~~~~~~~~~~~~^^
       File "/home/rikkt0r/projects/10xdevs_training_project/backend/venv/lib/python3.13/site-packages/sqlalchemy/pool/base.py", line 899, in __connect
         with util.safe_reraise():
              ~~~~~~~~~~~~~~~~~^^
       File "/home/rikkt0r/projects/10xdevs_training_project/backend/venv/lib/python3.13/site-packages/sqlalchemy/util/langhelpers.py", line 224, in __exit__
         raise exc_value.with_traceback(exc_tb)
       File "/home/rikkt0r/projects/10xdevs_training_project/backend/venv/lib/python3.13/site-packages/sqlalchemy/pool/base.py", line 895, in __connect
         self.dbapi_connection = connection = pool._invoke_creator(self)
                                              ~~~~~~~~~~~~~~~~~~~~^^^^^^
       File "/home/rikkt0r/projects/10xdevs_training_project/backend/venv/lib/python3.13/site-packages/sqlalchemy/engine/create.py", line 661, in connect
         return dialect.connect(*cargs, **cparams)
                ~~~~~~~~~~~~~~~^^^^^^^^^^^^^^^^^^^
       File "/home/rikkt0r/projects/10xdevs_training_project/backend/venv/lib/python3.13/site-packages/sqlalchemy/engine/default.py", line 630, in connect
         return self.loaded_dbapi.connect(*cargs, **cparams)  # type: ignore[no-any-return]  # NOQA: E501
                ~~~~~~~~~~~~~~~~~~~~~~~~~^^^^^^^^^^^^^^^^^^^
       File "/home/rikkt0r/projects/10xdevs_training_project/backend/venv/lib/python3.13/site-packages/psycopg2/__init__.py", line 122, in connect
         conn = _connect(dsn, connection_factory=connection_factory, **kwasync)
     sqlalchemy.exc.OperationalError: (psycopg2.OperationalError) connection to server at "localhost" (::1), port 5432 failed: Connection refused
        Is the server running on that host and accepting TCP/IP connections?
     connection to server at "localhost" (127.0.0.1), port 5432 failed: Connection refused
        Is the server running on that host and accepting TCP/IP connections?

     (Background on this error at: https://sqlalche.me/e/20/e3q8)

● Read(/home/rikkt0r/projects/10xdevs_training_project/backend/alembic.ini)
  ⎿  Read 114 lines

● Bash(source venv/bin/activate && alembic revision -m "add all remaining models")
  ⎿  Generating /home/rikkt0r/projects/10xdevs_training_project/backend/alembic/versions/b7375bf8a9b5_add_all_remaining_models.py ...  done

● Read(/home/rikkt0r/projects/10xdevs_training_project/backend/alembic/versions/b7375bf8a9b5_add_all_remaining_models.py)
  ⎿  Read 27 lines

● Update(/home/rikkt0r/projects/10xdevs_training_project/backend/alembic/versions/b7375bf8a9b5_add_all_remaining_models.py)
  ⎿  Added 178 lines, removed 2 lines
       9
      10  from alembic import op
      11  import sqlalchemy as sa
      12 +from sqlalchemy.dialects import postgresql
      13
      14
      15  # revision identifiers, used by Alembic.
     ...
       20
       21
       22  def upgrade() -> None:
       22 -    pass
       23 +    # Create email_inboxes table
       24 +    op.create_table(
       25 +        'email_inboxes',
       26 +        sa.Column('id', sa.Integer(), nullable=False),
       27 +        sa.Column('manager_id', sa.Integer(), nullable=False),
       28 +        sa.Column('name', sa.String(length=255), nullable=False),
       29 +        sa.Column('imap_host', sa.String(length=255), nullable=False),
       30 +        sa.Column('imap_port', sa.Integer(), nullable=False, server_default='993'),
       31 +        sa.Column('imap_username', sa.String(length=255), nullable=False),
       32 +        sa.Column('imap_password_encrypted', sa.Text(), nullable=False),
       33 +        sa.Column('imap_use_ssl', sa.Boolean(), nullable=False, server_default='true'),
       34 +        sa.Column('smtp_host', sa.String(length=255), nullable=False),
       35 +        sa.Column('smtp_port', sa.Integer(), nullable=False, server_default='587'),
       36 +        sa.Column('smtp_username', sa.String(length=255), nullable=False),
       37 +        sa.Column('smtp_password_encrypted', sa.Text(), nullable=False),
       38 +        sa.Column('smtp_use_tls', sa.Boolean(), nullable=False, server_default='true'),
       39 +        sa.Column('from_address', sa.String(length=255), nullable=False),
       40 +        sa.Column('polling_interval', sa.Integer(), nullable=False, server_default='5'),
       41 +        sa.Column('last_polled_at', sa.TIMESTAMP(), nullable=True),
       42 +        sa.Column('is_active', sa.Boolean(), nullable=False, server_default='true'),
       43 +        sa.Column('created_at', sa.TIMESTAMP(), nullable=False, server_default=sa.text('now()')),
       44 +        sa.Column('updated_at', sa.TIMESTAMP(), nullable=False, server_default=sa.text('now()')),
       45 +        sa.CheckConstraint('polling_interval IN (1, 5, 15)', name='check_polling_interval'),
       46 +        sa.ForeignKeyConstraint(['manager_id'], ['managers.id'], ondelete='CASCADE'),
       47 +        sa.PrimaryKeyConstraint('id')
       48 +    )
       49 +    op.create_index('idx_email_inboxes_manager', 'email_inboxes', ['manager_id'])
       50 +    op.create_index('idx_email_inboxes_active_polling', 'email_inboxes', ['is_active', 'last_polled_at'], postgresql_where=sa.text('is_active = true'))
       51
       52 +    # Create boards table
       53 +    op.create_table(
       54 +        'boards',
       55 +        sa.Column('id', sa.Integer(), nullable=False),
       56 +        sa.Column('manager_id', sa.Integer(), nullable=False),
       57 +        sa.Column('name', sa.String(length=255), nullable=False),
       58 +        sa.Column('unique_name', sa.String(length=255), nullable=False),
       59 +        sa.Column('greeting_message', sa.Text(), nullable=True),
       60 +        sa.Column('is_archived', sa.Boolean(), nullable=False, server_default='false'),
       61 +        sa.Column('external_platform_type', sa.String(length=20), nullable=True),
       62 +        sa.Column('external_platform_config', postgresql.JSONB(astext_type=sa.Text()), nullable=True),
       63 +        sa.Column('exclusive_inbox_id', sa.Integer(), nullable=True),
       64 +        sa.Column('created_at', sa.TIMESTAMP(), nullable=False, server_default=sa.text('now()')),
       65 +        sa.Column('updated_at', sa.TIMESTAMP(), nullable=False, server_default=sa.text('now()')),
       66 +        sa.CheckConstraint("external_platform_type IS NULL OR external_platform_type IN ('jira', 'trello')", name='check_external_platform_type'),
       67 +        sa.CheckConstraint("unique_name ~ '^[a-z0-9]([a-z0-9-]*[a-z0-9])?$'", name='check_unique_name_format'),
       68 +        sa.ForeignKeyConstraint(['exclusive_inbox_id'], ['email_inboxes.id'], ondelete='SET NULL'),
       69 +        sa.ForeignKeyConstraint(['manager_id'], ['managers.id'], ondelete='RESTRICT'),
       70 +        sa.PrimaryKeyConstraint('id'),
       71 +        sa.UniqueConstraint('unique_name')
       72 +    )
       73 +    op.create_index('idx_boards_manager', 'boards', ['manager_id'])
       74 +    op.create_index('idx_boards_unique_name', 'boards', ['unique_name'])
       75 +    op.create_index('idx_boards_exclusive_inbox', 'boards', ['exclusive_inbox_id'], postgresql_where=sa.text('exclusive_inbox_id IS NOT NULL'))
       76
       77 +    # Create board_keywords table
       78 +    op.create_table(
       79 +        'board_keywords',
       80 +        sa.Column('id', sa.Integer(), nullable=False),
       81 +        sa.Column('board_id', sa.Integer(), nullable=False),
       82 +        sa.Column('keyword', sa.String(length=255), nullable=False),
       83 +        sa.Column('created_at', sa.TIMESTAMP(), nullable=False, server_default=sa.text('now()')),
       84 +        sa.ForeignKeyConstraint(['board_id'], ['boards.id'], ondelete='CASCADE'),
       85 +        sa.PrimaryKeyConstraint('id'),
       86 +        sa.UniqueConstraint('board_id', 'keyword', name='uq_board_keyword')
       87 +    )
       88 +    op.create_index('idx_board_keywords_board', 'board_keywords', ['board_id'])
       89 +    op.create_index('idx_board_keywords_keyword_lower', 'board_keywords', [sa.text('LOWER(keyword)')])
       90 +
       91 +    # Create tickets table
       92 +    op.create_table(
       93 +        'tickets',
       94 +        sa.Column('id', sa.Integer(), nullable=False),
       95 +        sa.Column('uuid', postgresql.UUID(as_uuid=True), nullable=False),
       96 +        sa.Column('board_id', sa.Integer(), nullable=False),
       97 +        sa.Column('title', sa.String(length=255), nullable=False),
       98 +        sa.Column('description', sa.Text(), nullable=False),
       99 +        sa.Column('state', sa.String(length=20), nullable=False, server_default='new'),
      100 +        sa.Column('creator_email', sa.String(length=255), nullable=False),
      101 +        sa.Column('source', sa.String(length=20), nullable=False, server_default='web'),
      102 +        sa.Column('created_at', sa.TIMESTAMP(), nullable=False, server_default=sa.text('now()')),
      103 +        sa.Column('updated_at', sa.TIMESTAMP(), nullable=False, server_default=sa.text('now()')),
      104 +        sa.CheckConstraint("state IN ('new', 'in_progress', 'closed', 'rejected')", name='check_ticket_state'),
      105 +        sa.CheckConstraint("source IN ('web', 'email')", name='check_ticket_source'),
      106 +        sa.ForeignKeyConstraint(['board_id'], ['boards.id'], ondelete='CASCADE'),
      107 +        sa.PrimaryKeyConstraint('id'),
      108 +        sa.UniqueConstraint('uuid')
      109 +    )
      110 +    op.create_index('idx_tickets_uuid', 'tickets', ['uuid'])
      111 +    op.create_index('idx_tickets_board', 'tickets', ['board_id'])
      112 +    op.create_index('idx_tickets_board_state', 'tickets', ['board_id', 'state'])
      113 +    op.create_index('idx_tickets_board_created', 'tickets', ['board_id', 'created_at'])
      114 +    op.create_index('idx_tickets_creator_email', 'tickets', ['creator_email'])
      115 +
      116 +    # Create ticket_status_changes table
      117 +    op.create_table(
      118 +        'ticket_status_changes',
      119 +        sa.Column('id', sa.Integer(), nullable=False),
      120 +        sa.Column('ticket_id', sa.Integer(), nullable=False),
      121 +        sa.Column('previous_state', sa.String(length=20), nullable=False),
      122 +        sa.Column('new_state', sa.String(length=20), nullable=False),
      123 +        sa.Column('comment', sa.Text(), nullable=True),
      124 +        sa.Column('created_at', sa.TIMESTAMP(), nullable=False, server_default=sa.text('now()')),
      125 +        sa.CheckConstraint("previous_state IN ('new', 'in_progress', 'closed', 'rejected')", name='check_previous_state'),
      126 +        sa.CheckConstraint("new_state IN ('new', 'in_progress', 'closed', 'rejected')", name='check_new_state'),
      127 +        sa.CheckConstraint('previous_state <> new_state', name='check_state_different'),
      128 +        sa.ForeignKeyConstraint(['ticket_id'], ['tickets.id'], ondelete='CASCADE'),
      129 +        sa.PrimaryKeyConstraint('id')
      130 +    )
      131 +    op.create_index('idx_ticket_status_changes_ticket', 'ticket_status_changes', ['ticket_id'])
      132 +    op.create_index('idx_ticket_status_changes_ticket_created', 'ticket_status_changes', ['ticket_id', 'created_at'])
      133 +
      134 +    # Create external_tickets table
      135 +    op.create_table(
      136 +        'external_tickets',
      137 +        sa.Column('id', sa.Integer(), nullable=False),
      138 +        sa.Column('uuid', postgresql.UUID(as_uuid=True), nullable=False),
      139 +        sa.Column('board_id', sa.Integer(), nullable=False),
      140 +        sa.Column('title', sa.String(length=255), nullable=False),
      141 +        sa.Column('creator_email', sa.String(length=255), nullable=False),
      142 +        sa.Column('external_url', sa.String(length=2048), nullable=False),
      143 +        sa.Column('external_id', sa.String(length=255), nullable=True),
      144 +        sa.Column('platform_type', sa.String(length=20), nullable=False),
      145 +        sa.Column('created_at', sa.TIMESTAMP(), nullable=False, server_default=sa.text('now()')),
      146 +        sa.CheckConstraint("platform_type IN ('jira', 'trello')", name='check_platform_type'),
      147 +        sa.ForeignKeyConstraint(['board_id'], ['boards.id'], ondelete='CASCADE'),
      148 +        sa.PrimaryKeyConstraint('id'),
      149 +        sa.UniqueConstraint('uuid')
      150 +    )
      151 +    op.create_index('idx_external_tickets_uuid', 'external_tickets', ['uuid'])
      152 +    op.create_index('idx_external_tickets_board', 'external_tickets', ['board_id'])
      153 +    op.create_index('idx_external_tickets_creator_email', 'external_tickets', ['creator_email'])
      154 +
      155 +    # Create standby_queue_items table
      156 +    op.create_table(
      157 +        'standby_queue_items',
      158 +        sa.Column('id', sa.Integer(), nullable=False),
      159 +        sa.Column('manager_id', sa.Integer(), nullable=False),
      160 +        sa.Column('email_subject', sa.String(length=255), nullable=False),
      161 +        sa.Column('email_body', sa.Text(), nullable=False),
      162 +        sa.Column('sender_email', sa.String(length=255), nullable=False),
      163 +        sa.Column('failure_reason', sa.String(length=50), nullable=False),
      164 +        sa.Column('original_board_id', sa.Integer(), nullable=True),
      165 +        sa.Column('retry_count', sa.Integer(), nullable=False, server_default='0'),
      166 +        sa.Column('created_at', sa.TIMESTAMP(), nullable=False, server_default=sa.text('now()')),
      167 +        sa.Column('updated_at', sa.TIMESTAMP(), nullable=False, server_default=sa.text('now()')),
      168 +        sa.CheckConstraint("failure_reason IN ('no_keyword_match', 'external_creation_failed', 'no_board_match')", name='check_failure_reason'),
      169 +        sa.ForeignKeyConstraint(['manager_id'], ['managers.id'], ondelete='CASCADE'),
      170 +        sa.ForeignKeyConstraint(['original_board_id'], ['boards.id'], ondelete='SET NULL'),
      171 +        sa.PrimaryKeyConstraint('id')
      172 +    )
      173 +    op.create_index('idx_standby_queue_manager', 'standby_queue_items', ['manager_id'])
      174 +    op.create_index('idx_standby_queue_manager_created', 'standby_queue_items', ['manager_id', 'created_at'])
      175 +
      176 +    # Create processed_emails table
      177 +    op.create_table(
      178 +        'processed_emails',
      179 +        sa.Column('id', sa.Integer(), nullable=False),
      180 +        sa.Column('inbox_id', sa.Integer(), nullable=False),
      181 +        sa.Column('message_id', sa.String(length=255), nullable=False),
      182 +        sa.Column('sender_email', sa.String(length=255), nullable=False),
      183 +        sa.Column('subject_hash', sa.String(length=64), nullable=False),
      184 +        sa.Column('processed_at', sa.TIMESTAMP(), nullable=False, server_default=sa.text('now()')),
      185 +        sa.ForeignKeyConstraint(['inbox_id'], ['email_inboxes.id'], ondelete='CASCADE'),
      186 +        sa.PrimaryKeyConstraint('id'),
      187 +        sa.UniqueConstraint('inbox_id', 'message_id', name='uq_inbox_message')
      188 +    )
      189 +    op.create_index('idx_processed_emails_inbox_message', 'processed_emails', ['inbox_id', 'message_id'])
      190 +    op.create_index('idx_processed_emails_duplicate_check', 'processed_emails', ['inbox_id', 'sender_email', 'subject_hash', 'processed_at'])
      191 +
      192 +
      193  def downgrade() -> None:
       26 -    pass
      194 +    # Drop tables in reverse order of creation
      195 +    op.drop_table('processed_emails')
      196 +    op.drop_table('standby_queue_items')
      197 +    op.drop_table('external_tickets')
      198 +    op.drop_table('ticket_status_changes')
      199 +    op.drop_table('tickets')
      200 +    op.drop_table('board_keywords')
      201 +    op.drop_table('boards')
      202 +    op.drop_table('email_inboxes')

● Bash(source venv/bin/activate && python -m py_compile alembic/versions/b7375bf8a9b5_add_all_remaining_models.py && echo "Migration file syntax is valid")
  ⎿  Migration file syntax is valid

● Bash(ls -lh alembic/versions/*.py | grep -v __pycache__)
  ⎿  No matches found

● Bash(find alembic/versions -name "*.py" -type f | sort)
  ⎿  (No content)

● Search(pattern: "backend/alembic/versions/*.py")
  ⎿  Found 2 files
     /home/rikkt0r/projects/10xdevs_training_project/backend/alembic/versions/1becd249597c_add_manager_and_managertoken_models.py
     /home/rikkt0r/projects/10xdevs_training_project/backend/alembic/versions/b7375bf8a9b5_add_all_remaining_models.py

● Perfect! I've successfully created the Alembic migration for all remaining ORM models. Here's a summary of what was completed:                                                                                                 11:30 PM  claude-sonnet-4-5-20250929

  Summary

  ORM Models Implemented (5 new models):

  1. BoardKeyword - Keywords for email routing to boards
  2. Ticket - Internal tickets with UUID support
  3. TicketStatusChange - Audit log for state transitions
  4. ExternalTicket - References to Jira/Trello tickets
  5. ProcessedEmail - Duplicate email prevention tracking

  Migration Created:

  - Migration file: b7375bf8a9b5_add_all_remaining_models.py
  - Revision ID: b7375bf8a9b5
  - Revises: 1becd249597c (previous migration)

  Migration includes:

  - 8 new database tables with all constraints and indexes:
    - email_inboxes
    - boards
    - board_keywords
    - tickets
    - ticket_status_changes
    - external_tickets
    - standby_queue_items
    - processed_emails
  - All CHECK constraints for data validation
  - Foreign key constraints with proper CASCADE/SET NULL/RESTRICT behaviors
  - Indexes for query optimization including partial indexes where specified
  - UUID columns for tickets and external tickets
  - JSONB column for external platform configuration
  - Both upgrade and downgrade functions implemented

  The migration is ready to be applied when a PostgreSQL database is available. All models follow the database schema specification and include proper relationships between tables.

✻ Brewed for 1m 21s

❯ I need to add a coding rule for you. Help me with that

● I can help you add a coding rule to the CLAUDE.md file. Let me first show you the current structure, and then we can discuss what rule you'd like to add.                                                                      11:31 PM  claude-sonnet-4-5-20250929

  The CLAUDE.md file is organized into sections:

  Current Structure:
  - FRONTEND → REACT (REACT_CODING_STANDARDS, REDUX)
  - CODING_PRACTICES → SUPPORT_LEVEL, VERSION_CONTROL (GIT), DOCUMENTATION (SWAGGER)
  - BACKEND → PYTHON (FASTAPI)
  - DATABASE → SQL (POSTGRES)
  - DEVOPS → CONTAINERIZATION (DOCKER), CI_CD (GITHUB_ACTIONS)
  - TESTING → UNIT (PYTEST)

  To help you add a rule, I have a few questions:

  1. What category does your rule belong to?
    - Existing category (BACKEND, FRONTEND, DATABASE, etc.)
    - New category?
  2. What technology/tool does it apply to?
    - Existing (like FASTAPI, PYTEST, REACT)
    - New technology?
  3. What is the rule about?
    - Please describe what coding practice or guideline you want to add

  Once you tell me what you want to add, I can help you:
  - Format it correctly
  - Place it in the right section
  - Make sure it follows the existing pattern

  What rule would you like to add?

❯ 1. BACKEND@s
  2. whole python code@s
  3. remember that virtualenv is within <project-root>/backend/venv . When running code or migrations be sure to enter directory <project-root>/backend because all of the config files are there (for example alembic.ini)

● Read(/home/rikkt0r/projects/10xdevs_training_project/CLAUDE.md)
  ⎿  Read 131 lines

● Perfect! I'll add this rule to the BACKEND section under Python guidelines. I'll create a new subsection called PROJECT_STRUCTURE to keep it organized.                                                                        11:33 PM  claude-sonnet-4-5-20250929

● Update(/home/rikkt0r/projects/10xdevs_training_project/CLAUDE.md)
  ⎿  Added 7 lines
      74
      75  ### Guidelines for PYTHON
      76
      77 +#### PROJECT_STRUCTURE
      78 +
      79 +- The virtualenv is located at `<project-root>/backend/venv`
      80 +- Always change directory to `<project-root>/backend` before running Python code, migrations, or any backend commands
      81 +- All configuration files (alembic.ini, etc.) are located in the `<project-root>/backend` directory
      82 +- Activate virtualenv using `source venv/bin/activate` from within the backend directory
      83 +
      84  #### FASTAPI
      85
      86  - Use Pydantic models for request and response validation with strict type checking and custom validators

● Perfect! I've added your coding rule to the CLAUDE.md file. Here's what was added:                                                                                                                                             11:33 PM  claude-sonnet-4-5-20250929

  New Section: BACKEND → Guidelines for PYTHON → PROJECT_STRUCTURE

  #### PROJECT_STRUCTURE

  - The virtualenv is located at `<project-root>/backend/venv`
  - Always change directory to `<project-root>/backend` before running Python code, migrations, or any backend commands
  - All configuration files (alembic.ini, etc.) are located in the `<project-root>/backend` directory
  - Activate virtualenv using `source venv/bin/activate` from within the backend directory

  The rule has been:
  - ✅ Placed in the BACKEND section under Python guidelines
  - ✅ Created as a new subsection called PROJECT_STRUCTURE
  - ✅ Positioned before the FASTAPI section for visibility
  - ✅ Formatted consistently with the existing rules (bullet points)
  - ✅ Expanded to include the activation command for completeness

  This will now remind me to always:
  1. Navigate to the backend directory first
  2. Activate the virtualenv from there
  3. Remember that all config files are in that location

  Is there anything you'd like to adjust about this rule, or would you like to add more rules?

❯ yes, one more thing. development database is available from project docker-compose. So if unable to connect, run "docker compose up -d db"

● Update(/home/rikkt0r/projects/10xdevs_training_project/CLAUDE.md)
  ⎿  Added 1 line
      80  - Always change directory to `<project-root>/backend` before running Python code, migrations, or any backend commands
      81  - All configuration files (alembic.ini, etc.) are located in the `<project-root>/backend` directory
      82  - Activate virtualenv using `source venv/bin/activate` from within the backend directory
      83 +- Development database is available from project docker-compose. If unable to connect to database, run `docker compose up -d db` from `<project-root>`
      84
      85  #### FASTAPI
      86

● Perfect! I've added the database rule to the PROJECT_STRUCTURE section. The updated section now includes:                                                                                                                      11:35 PM  claude-sonnet-4-5-20250929

  #### PROJECT_STRUCTURE

  - The virtualenv is located at `<project-root>/backend/venv`
  - Always change directory to `<project-root>/backend` before running Python code, migrations, or any backend commands
  - All configuration files (alembic.ini, etc.) are located in the `<project-root>/backend` directory
  - Activate virtualenv using `source venv/bin/activate` from within the backend directory
  - Development database is available from project docker-compose. If unable to connect to database, run `docker compose up -d db` from `<project-root>`

  Now I'll remember to:
  1. Start the database container if I encounter connection errors
  2. Run the command from the project root (not the backend directory)

  Is there anything else you'd like to add to the coding rules?

❯ no

● Great! The coding rules have been successfully added to CLAUDE.md. I'll now follow these guidelines:                                                                                                                           11:36 PM  claude-sonnet-4-5-20250929

  New PROJECT_STRUCTURE rules added:
  - ✅ Virtualenv location: <project-root>/backend/venv
  - ✅ Working directory: Always cd to <project-root>/backend for Python/migration commands
  - ✅ Config files location: <project-root>/backend
  - ✅ Virtualenv activation: source venv/bin/activate from backend directory
  - ✅ Development database: Use docker compose up -d db from project root if connection fails

  These rules are now part of the project documentation and will be applied automatically in all future work.

❯ apply the migration

● I'll apply the migration following the new coding rules. First, let me ensure the database is running, then apply the migration.                                                                                               11:36 PM  claude-sonnet-4-5-20250929

● Bash(cd /home/rikkt0r/projects/10xdevs_training_project && docker compose up -d db)
  ⎿  time="2026-01-18T23:36:42+01:00" level=warning msg="/home/rikkt0r/projects/10xdevs_training_project/docker-compose.yml: the attribute `version` is obsolete, it will be ignored, please remove it to avoid potential confusion"
      Container 10xdevs_training_project-db-1  Running

● Bash(cd /home/rikkt0r/projects/10xdevs_training_project/backend && source venv/bin/activate && alembic upgrade head)
  ⎿  Error: Exit code 1
     Traceback (most recent call last):
       File "/home/rikkt0r/projects/10xdevs_training_project/backend/venv/lib/python3.13/site-packages/sqlalchemy/engine/base.py", line 143, in __init__
         self._dbapi_connection = engine.raw_connection()
                                  ~~~~~~~~~~~~~~~~~~~~~^^
       File "/home/rikkt0r/projects/10xdevs_training_project/backend/venv/lib/python3.13/site-packages/sqlalchemy/engine/base.py", line 3309, in raw_connection
         return self.pool.connect()
                ~~~~~~~~~~~~~~~~~^^
       File "/home/rikkt0r/projects/10xdevs_training_project/backend/venv/lib/python3.13/site-packages/sqlalchemy/pool/base.py", line 447, in connect
         return _ConnectionFairy._checkout(self)
                ~~~~~~~~~~~~~~~~~~~~~~~~~~^^^^^^
       File "/home/rikkt0r/projects/10xdevs_training_project/backend/venv/lib/python3.13/site-packages/sqlalchemy/pool/base.py", line 1264, in _checkout
         fairy = _ConnectionRecord.checkout(pool)
       File "/home/rikkt0r/projects/10xdevs_training_project/backend/venv/lib/python3.13/site-packages/sqlalchemy/pool/base.py", line 711, in checkout
         rec = pool._do_get()
       File "/home/rikkt0r/projects/10xdevs_training_project/backend/venv/lib/python3.13/site-packages/sqlalchemy/pool/impl.py", line 306, in _do_get
         return self._create_connection()
                ~~~~~~~~~~~~~~~~~~~~~~~^^
       File "/home/rikkt0r/projects/10xdevs_training_project/backend/venv/lib/python3.13/site-packages/sqlalchemy/pool/base.py", line 388, in _create_connection
         return _ConnectionRecord(self)
       File "/home/rikkt0r/projects/10xdevs_training_project/backend/venv/lib/python3.13/site-packages/sqlalchemy/pool/base.py", line 673, in __init__
         self.__connect()
         ~~~~~~~~~~~~~~^^
       File "/home/rikkt0r/projects/10xdevs_training_project/backend/venv/lib/python3.13/site-packages/sqlalchemy/pool/base.py", line 899, in __connect
         with util.safe_reraise():
              ~~~~~~~~~~~~~~~~~^^
       File "/home/rikkt0r/projects/10xdevs_training_project/backend/venv/lib/python3.13/site-packages/sqlalchemy/util/langhelpers.py", line 224, in __exit__
         raise exc_value.with_traceback(exc_tb)
       File "/home/rikkt0r/projects/10xdevs_training_project/backend/venv/lib/python3.13/site-packages/sqlalchemy/pool/base.py", line 895, in __connect
         self.dbapi_connection = connection = pool._invoke_creator(self)
                                              ~~~~~~~~~~~~~~~~~~~~^^^^^^
       File "/home/rikkt0r/projects/10xdevs_training_project/backend/venv/lib/python3.13/site-packages/sqlalchemy/engine/create.py", line 661, in connect
         return dialect.connect(*cargs, **cparams)
                ~~~~~~~~~~~~~~~^^^^^^^^^^^^^^^^^^^
       File "/home/rikkt0r/projects/10xdevs_training_project/backend/venv/lib/python3.13/site-packages/sqlalchemy/engine/default.py", line 630, in connect
         return self.loaded_dbapi.connect(*cargs, **cparams)  # type: ignore[no-any-return]  # NOQA: E501
                ~~~~~~~~~~~~~~~~~~~~~~~~~^^^^^^^^^^^^^^^^^^^
       File "/home/rikkt0r/projects/10xdevs_training_project/backend/venv/lib/python3.13/site-packages/psycopg2/__init__.py", line 122, in connect
         conn = _connect(dsn, connection_factory=connection_factory, **kwasync)
     psycopg2.OperationalError: connection to server at "localhost" (::1), port 5432 failed: Connection refused
        Is the server running on that host and accepting TCP/IP connections?
     connection to server at "localhost" (127.0.0.1), port 5432 failed: Connection refused
        Is the server running on that host and accepting TCP/IP connections?


     The above exception was the direct cause of the following exception:

     Traceback (most recent call last):
       File "/home/rikkt0r/projects/10xdevs_training_project/backend/venv/bin/alembic", line 7, in <module>
         sys.exit(main())
                  ~~~~^^
       File "/home/rikkt0r/projects/10xdevs_training_project/backend/venv/lib/python3.13/site-packages/alembic/config.py", line 641, in main
         CommandLine(prog=prog).main(argv=argv)
         ~~~~~~~~~~~~~~~~~~~~~~~~~~~^^^^^^^^^^^
       File "/home/rikkt0r/projects/10xdevs_training_project/backend/venv/lib/python3.13/site-packages/alembic/config.py", line 631, in main
         self.run_cmd(cfg, options)
         ~~~~~~~~~~~~^^^^^^^^^^^^^^
       File "/home/rikkt0r/projects/10xdevs_training_project/backend/venv/lib/python3.13/site-packages/alembic/config.py", line 608, in run_cmd
         fn(
         ~~^
             config,
             ^^^^^^^
             *[getattr(options, k, None) for k in positional],
             ^^^^^^^^^^^^^^^^^^^^^^^^^^^^^^^^^^^^^^^^^^^^^^^^^
             **{k: getattr(options, k, None) for k in kwarg},
             ^^^^^^^^^^^^^^^^^^^^^^^^^^^^^^^^^^^^^^^^^^^^^^^^
         )
         ^
       File "/home/rikkt0r/projects/10xdevs_training_project/backend/venv/lib/python3.13/site-packages/alembic/command.py", line 403, in upgrade
         script.run_env()
         ~~~~~~~~~~~~~~^^
       File "/home/rikkt0r/projects/10xdevs_training_project/backend/venv/lib/python3.13/site-packages/alembic/script/base.py", line 583, in run_env
         util.load_python_file(self.dir, "env.py")
         ~~~~~~~~~~~~~~~~~~~~~^^^^^^^

     ... [291 characters truncated] ...

     3.13/site-packages/alembic/util/pyfiles.py", line 113, in load_module_py
         spec.loader.exec_module(module)  # type: ignore
         ~~~~~~~~~~~~~~~~~~~~~~~^^^^^^^^
       File "<frozen importlib._bootstrap_external>", line 1023, in exec_module
       File "<frozen importlib._bootstrap>", line 488, in _call_with_frames_removed
       File "/home/rikkt0r/projects/10xdevs_training_project/backend/alembic/env.py", line 88, in <module>
         run_migrations_online()
         ~~~~~~~~~~~~~~~~~~~~~^^
       File "/home/rikkt0r/projects/10xdevs_training_project/backend/alembic/env.py", line 76, in run_migrations_online
         with connectable.connect() as connection:
              ~~~~~~~~~~~~~~~~~~~^^
       File "/home/rikkt0r/projects/10xdevs_training_project/backend/venv/lib/python3.13/site-packages/sqlalchemy/engine/base.py", line 3285, in connect
         return self._connection_cls(self)
                ~~~~~~~~~~~~~~~~~~~~^^^^^^
       File "/home/rikkt0r/projects/10xdevs_training_project/backend/venv/lib/python3.13/site-packages/sqlalchemy/engine/base.py", line 145, in __init__
         Connection._handle_dbapi_exception_noconnection(
         ~~~~~~~~~~~~~~~~~~~~~~~~~~~~~~~~~~~~~~~~~~~~~~~^
             err, dialect, engine
             ^^^^^^^^^^^^^^^^^^^^
         )
         ^
       File "/home/rikkt0r/projects/10xdevs_training_project/backend/venv/lib/python3.13/site-packages/sqlalchemy/engine/base.py", line 2448, in _handle_dbapi_exception_noconnection
         raise sqlalchemy_exception.with_traceback(exc_info[2]) from e
       File "/home/rikkt0r/projects/10xdevs_training_project/backend/venv/lib/python3.13/site-packages/sqlalchemy/engine/base.py", line 143, in __init__
         self._dbapi_connection = engine.raw_connection()
                                  ~~~~~~~~~~~~~~~~~~~~~^^
       File "/home/rikkt0r/projects/10xdevs_training_project/backend/venv/lib/python3.13/site-packages/sqlalchemy/engine/base.py", line 3309, in raw_connection
         return self.pool.connect()
                ~~~~~~~~~~~~~~~~~^^
       File "/home/rikkt0r/projects/10xdevs_training_project/backend/venv/lib/python3.13/site-packages/sqlalchemy/pool/base.py", line 447, in connect
         return _ConnectionFairy._checkout(self)
                ~~~~~~~~~~~~~~~~~~~~~~~~~~^^^^^^
       File "/home/rikkt0r/projects/10xdevs_training_project/backend/venv/lib/python3.13/site-packages/sqlalchemy/pool/base.py", line 1264, in _checkout
         fairy = _ConnectionRecord.checkout(pool)
       File "/home/rikkt0r/projects/10xdevs_training_project/backend/venv/lib/python3.13/site-packages/sqlalchemy/pool/base.py", line 711, in checkout
         rec = pool._do_get()
       File "/home/rikkt0r/projects/10xdevs_training_project/backend/venv/lib/python3.13/site-packages/sqlalchemy/pool/impl.py", line 306, in _do_get
         return self._create_connection()
                ~~~~~~~~~~~~~~~~~~~~~~~^^
       File "/home/rikkt0r/projects/10xdevs_training_project/backend/venv/lib/python3.13/site-packages/sqlalchemy/pool/base.py", line 388, in _create_connection
         return _ConnectionRecord(self)
       File "/home/rikkt0r/projects/10xdevs_training_project/backend/venv/lib/python3.13/site-packages/sqlalchemy/pool/base.py", line 673, in __init__
         self.__connect()
         ~~~~~~~~~~~~~~^^
       File "/home/rikkt0r/projects/10xdevs_training_project/backend/venv/lib/python3.13/site-packages/sqlalchemy/pool/base.py", line 899, in __connect
         with util.safe_reraise():
              ~~~~~~~~~~~~~~~~~^^
       File "/home/rikkt0r/projects/10xdevs_training_project/backend/venv/lib/python3.13/site-packages/sqlalchemy/util/langhelpers.py", line 224, in __exit__
         raise exc_value.with_traceback(exc_tb)
       File "/home/rikkt0r/projects/10xdevs_training_project/backend/venv/lib/python3.13/site-packages/sqlalchemy/pool/base.py", line 895, in __connect
         self.dbapi_connection = connection = pool._invoke_creator(self)
                                              ~~~~~~~~~~~~~~~~~~~~^^^^^^
       File "/home/rikkt0r/projects/10xdevs_training_project/backend/venv/lib/python3.13/site-packages/sqlalchemy/engine/create.py", line 661, in connect
         return dialect.connect(*cargs, **cparams)
                ~~~~~~~~~~~~~~~^^^^^^^^^^^^^^^^^^^
       File "/home/rikkt0r/projects/10xdevs_training_project/backend/venv/lib/python3.13/site-packages/sqlalchemy/engine/default.py", line 630, in connect
         return self.loaded_dbapi.connect(*cargs, **cparams)  # type: ignore[no-any-return]  # NOQA: E501
                ~~~~~~~~~~~~~~~~~~~~~~~~~^^^^^^^^^^^^^^^^^^^
       File "/home/rikkt0r/projects/10xdevs_training_project/backend/venv/lib/python3.13/site-packages/psycopg2/__init__.py", line 122, in connect
         conn = _connect(dsn, connection_factory=connection_factory, **kwasync)
     sqlalchemy.exc.OperationalError: (psycopg2.OperationalError) connection to server at "localhost" (::1), port 5432 failed: Connection refused
        Is the server running on that host and accepting TCP/IP connections?
     connection to server at "localhost" (127.0.0.1), port 5432 failed: Connection refused
        Is the server running on that host and accepting TCP/IP connections?

     (Background on this error at: https://sqlalche.me/e/20/e3q8)

● Bash(docker compose ps)
  ⎿  NAME                            IMAGE                COMMAND                  SERVICE   CREATED        STATUS                    PORTS
     10xdevs_training_project-db-1   postgres:16-alpine   "docker-entrypoint.s…"   db        26 hours ago   Up 25 minutes (healthy)   0.0.0.0:5432->5432/tcp, [::]:5432->5432/tcp
     time="2026-01-18T23:36:49+01:00" level=warning msg="/home/rikkt0r/projects/10xdevs_training_project/docker-compose.yml: the attribute `version` is obsolete, it will be ignored, please remove it to avoid potential confusion"

● Read(/home/rikkt0r/projects/10xdevs_training_project/docker-compose.yml)
  ⎿  Read 53 lines

● Bash(docker compose exec db psql -U postgres -d issue_tracker -c "SELECT version();")
  ⎿  Error: Exit code 1
     time="2026-01-18T23:36:56+01:00" level=warning msg="/home/rikkt0r/projects/10xdevs_training_project/docker-compose.yml: the attribute `version` is obsolete, it will be ignored, please remove it to avoid potential confusion"
     env file /home/rikkt0r/projects/10xdevs_training_project/frontend/.env.local not found: stat /home/rikkt0r/projects/10xdevs_training_project/frontend/.env.local: no such file or directory

● Bash(ss -tuln | grep 5432)
  ⎿  No matches found

● Bash(docker port 10xdevs_training_project-db-1)
  ⎿  5432/tcp -> 0.0.0.0:5432
     5432/tcp -> [::]:5432

● Bash(docker logs --tail 20 10xdevs_training_project-db-1)
  ⎿ PostgreSQL Database directory appears to contain a database; Skipping initialization
    2026-01-18 11:17:32.889 UTC [55] LOG:  checkpoint starting: time
    2026-01-18 11:17:39.556 UTC [55] LOG:  checkpoint complete: wrote 67 buffers (0.4%); 0 WAL file(s) added, 0 removed, 0 recycled; write=6.619 s, sync=0.021 s, total=6.667 s; sync files=53, longest=0.008 s, average=0.001 s; distance=221 kB, estimate=245 kB;
    lsn=0/19BA5D8, redo lsn=0/19BA5A0
    2026-01-18 11:56:14.676 UTC [1] LOG:  received fast shutdown request
    2026-01-18 11:56:14.680 UTC [1] LOG:  aborting any active transactions
    2026-01-18 11:56:14.681 UTC [1] LOG:  background worker "logical replication launcher" (PID 60) exited with exit code 1
    2026-01-18 11:56:14.681 UTC [55] LOG:  shutting down
    2026-01-18 11:56:14.687 UTC [55] LOG:  checkpoint starting: shutdown immediate
    2026-01-18 11:56:14.726 UTC [55] LOG:  checkpoint complete: wrote 0 buffers (0.0%); 0 WAL file(s) added, 0 removed, 0 recycled; write=0.015 s, sync=0.001 s, total=0.045 s; sync files=0, longest=0.000 s, average=0.000 s; distance=0 kB, estimate=221 kB;
    lsn=0/19BA688, redo lsn=0/19BA688
    2026-01-18 11:56:14.728 UTC [1] LOG:  database system is shut down
    2026-01-18 22:10:50.768 UTC [1] LOG:  starting PostgreSQL 16.11 on x86_64-pc-linux-musl, compiled by gcc (Alpine 15.2.0) 15.2.0, 64-bit
    2026-01-18 22:10:50.768 UTC [1] LOG:  listening on IPv4 address "0.0.0.0", port 5432
    2026-01-18 22:10:50.768 UTC [1] LOG:  listening on IPv6 address "::", port 5432
    2026-01-18 22:10:50.776 UTC [1] LOG:  listening on Unix socket "/var/run/postgresql/.s.PGSQL.5432"
    2026-01-18 22:10:50.788 UTC [29] LOG:  database system was shut down at 2026-01-18 11:56:14 UTC
    2026-01-18 22:10:50.840 UTC [1] LOG:  database system is ready to accept connections
    2026-01-18 22:15:50.888 UTC [27] LOG:  checkpoint starting: time
    2026-01-18 22:15:51.336 UTC [27] LOG:  checkpoint complete: wrote 7 buffers (0.0%); 0 WAL file(s) added, 0 removed, 0 recycled; write=0.409 s, sync=0.009 s, total=0.449 s; sync files=4, longest=0.005 s, average=0.003 s; distance=8 kB, estimate=8 kB;
    lsn=0/19BC750, redo lsn=0/19BC718

● Bash(nc -zv localhost 5432 2>&1 || echo "Connection test failed")
  ⎿  /bin/bash: line 1: nc: command not found
     Connection test failed

● Bash(ls -la /home/rikkt0r/projects/10xdevs_training_project/backend/.env* 2>/dev/null || echo "No .env files found")
  ⎿  -rw-r----- 1 rikkt0r rikkt0r 903 Jan 18 11:49 /home/rikkt0r/projects/10xdevs_training_project/backend/.env
     -rw-r----- 1 rikkt0r rikkt0r 903 Jan 18 11:53 /home/rikkt0r/projects/10xdevs_training_project/backend/.env.example

● Read(/home/rikkt0r/projects/10xdevs_training_project/backend/.env)
  ⎿  Read 44 lines

● Bash(cd /home/rikkt0r/projects/10xdevs_training_project/backend && source venv/bin/activate && python -c "import psycopg2; conn = psycopg2.connect('postgresql://postgres:postgres@localhost:5432/issue_tracker'); print('Connected successfully'); conn.close()")
  ⎿  Error: Exit code 1
     Traceback (most recent call last):
       File "<string>", line 1, in <module>
         import psycopg2; conn = psycopg2.connect('postgresql://postgres:postgres@localhost:5432/issue_tracker'); print('Connected successfully'); conn.close()
                                 ~~~~~~~~~~~~~~~~^^^^^^^^^^^^^^^^^^^^^^^^^^^^^^^^^^^^^^^^^^^^^^^^^^^^^^^^^^^^^^^
       File "/home/rikkt0r/projects/10xdevs_training_project/backend/venv/lib/python3.13/site-packages/psycopg2/__init__.py", line 122, in connect
         conn = _connect(dsn, connection_factory=connection_factory, **kwasync)
     psycopg2.OperationalError: connection to server at "localhost" (::1), port 5432 failed: Connection refused
        Is the server running on that host and accepting TCP/IP connections?
     connection to server at "localhost" (127.0.0.1), port 5432 failed: Connection refused
        Is the server running on that host and accepting TCP/IP connections?

● Bash(docker inspect 10xdevs_training_project-db-1 | grep -A 10 "IPAddress")
  ⎿  No matches found

● Bash(docker inspect 10xdevs_training_project-db-1 --format '{{.NetworkSettings.IPAddress}}')
  ⎿  (No content)

● Bash(docker inspect 10xdevs_training_project-db-1 --format '{{json .NetworkSettings.Networks}}' | python -m json.tool)
  ⎿  Error: Exit code 1
     Expecting value: line 1 column 1 (char 0)

● Bash(cd /home/rikkt0r/projects/10xdevs_training_project/backend && source venv/bin/activate && python -c "import psycopg2; conn = psycopg2.connect('postgresql://postgres:postgres@127.0.0.1:5432/issue_tracker'); print('Connected successfully'); conn.close()")
  ⎿  Error: Exit code 1
     Traceback (most recent call last):
       File "<string>", line 1, in <module>
         import psycopg2; conn = psycopg2.connect('postgresql://postgres:postgres@127.0.0.1:5432/issue_tracker'); print('Connected successfully'); conn.close()
                                 ~~~~~~~~~~~~~~~~^^^^^^^^^^^^^^^^^^^^^^^^^^^^^^^^^^^^^^^^^^^^^^^^^^^^^^^^^^^^^^^
       File "/home/rikkt0r/projects/10xdevs_training_project/backend/venv/lib/python3.13/site-packages/psycopg2/__init__.py", line 122, in connect
         conn = _connect(dsn, connection_factory=connection_factory, **kwasync)
     psycopg2.OperationalError: connection to server at "127.0.0.1", port 5432 failed: Connection refused
        Is the server running on that host and accepting TCP/IP connections?

● Bash(docker compose restart db)
  ⎿  time="2026-01-18T23:39:10+01:00" level=warning msg="/home/rikkt0r/projects/10xdevs_training_project/docker-compose.yml: the attribute `version` is obsolete, it will be ignored, please remove it to avoid potential confusion"
      Container 10xdevs_training_project-db-1  Restarting
      Container 10xdevs_training_project-db-1  Started

● Bash(sleep 3 && cd /home/rikkt0r/projects/10xdevs_training_project/backend && source venv/bin/activate && python -c "import psycopg2; conn = psycopg2.connect('postgresql://postgres:postgres@127.0.0.1:5432/issue_tracker'); print('Connected successfully');
      conn.close()")
  ⎿  Error: Exit code 1
     Traceback (most recent call last):
       File "<string>", line 1, in <module>
         import psycopg2; conn = psycopg2.connect('postgresql://postgres:postgres@127.0.0.1:5432/issue_tracker'); print('Connected successfully'); conn.close()
                                 ~~~~~~~~~~~~~~~~^^^^^^^^^^^^^^^^^^^^^^^^^^^^^^^^^^^^^^^^^^^^^^^^^^^^^^^^^^^^^^^
       File "/home/rikkt0r/projects/10xdevs_training_project/backend/venv/lib/python3.13/site-packages/psycopg2/__init__.py", line 122, in connect
         conn = _connect(dsn, connection_factory=connection_factory, **kwasync)
     psycopg2.OperationalError: connection to server at "127.0.0.1", port 5432 failed: Connection refused
        Is the server running on that host and accepting TCP/IP connections?

● Bash(sudo lsof -i :5432 2>/dev/null || echo "lsof command may require sudo or may not show results")
  ⎿  Interrupted · What should Claude do instead?

❯ when I run "alembic upgrade head" manually it works. What could be the factor, that commands run by you arent connecing successuly ?

● Ah, that's the issue! The commands I run are executed in a sandboxed environment by default, which has network restrictions. The sandbox likely blocks network connections to localhost, including connections to your         11:41 PM  claude-sonnet-4-5-20250929
  database on port 5432.

  The difference:
  - When you run alembic upgrade head manually: Full network access to localhost
  - When I run it via the Bash tool: Sandboxed with restricted network access

  Evidence: The error shows connection refused to both ::1 (IPv6 localhost) and 127.0.0.1 (IPv4 localhost), even though the database container is running and healthy. This is a sandbox restriction, not a database issue.

  Solutions:

  1. I can run it with sandbox disabled (if you approve):
  cd backend && source venv/bin/activate && alembic upgrade head
  1. with dangerouslyDisableSandbox: true
  2. You continue running it manually (recommended for database operations):
  Since you've already verified it works, you could just run:
  cd backend && source venv/bin/activate && alembic upgrade head

  Which approach would you prefer? Should I run it with sandbox disabled, or would you like to run the migration manually?

❯ can we configure that you remember to run migrations without sandbox?

● Yes! Let me add that rule to the CLAUDE.md file so I'll remember to disable sandbox for database operations.                                                                                                                   11:42 PM  claude-sonnet-4-5-20250929

● Update(/home/rikkt0r/projects/10xdevs_training_project/CLAUDE.md)
  ⎿  Added 1 line
      81  - All configuration files (alembic.ini, etc.) are located in the `<project-root>/backend` directory
      82  - Activate virtualenv using `source venv/bin/activate` from within the backend directory
      83  - Development database is available from project docker-compose. If unable to connect to database, run `docker compose up -d db` from `<project-root>`
      84 +- **IMPORTANT**: Always run Alembic migrations and any database-related commands with `dangerouslyDisableSandbox: true` because sandbox mode blocks network connections to localhost
      85
      86  #### FASTAPI
      87

● Perfect! I've added the rule. Now let me apply the migration with sandbox disabled:                                                                                                                                            11:42 PM  claude-sonnet-4-5-20250929

● Bash(cd /home/rikkt0r/projects/10xdevs_training_project/backend && source venv/bin/activate && alembic upgrade head)
  ⎿  INFO  [alembic.runtime.migration] Context impl PostgresqlImpl.
     INFO  [alembic.runtime.migration] Will assume transactional DDL.

● Bash(source venv/bin/activate && alembic current)
  ⎿  b7375bf8a9b5 (head)
     INFO  [alembic.runtime.migration] Context impl PostgresqlImpl.
     INFO  [alembic.runtime.migration] Will assume transactional DDL.

● Bash(cd /home/rikkt0r/projects/10xdevs_training_project && docker compose exec db psql -U postgres -d issue_tracker -c "\dt")
  ⎿                   List of relations
      Schema |         Name          | Type  |  Owner
     --------+-----------------------+-------+----------
      public | alembic_version       | table | postgres
      public | board_keywords        | table | postgres
      public | boards                | table | postgres
      public | email_inboxes         | table | postgres
      public | external_tickets      | table | postgres
      public | manager_tokens        | table | postgres
      public | managers              | table | postgres
      public | processed_emails      | table | postgres
      public | standby_queue_items   | table | postgres
      public | ticket_status_changes | table | postgres
      public | tickets               | table | postgres
     (11 rows)
     time="2026-01-18T23:43:12+01:00" level=warning msg="/home/rikkt0r/projects/10xdevs_training_project/docker-compose.yml: the attribute `version` is obsolete, it will be ignored, please remove it to avoid potential confusion"

● Excellent! The migration has been successfully applied! 🎉                                                                                                                                                                     11:43 PM  claude-sonnet-4-5-20250929

  Summary

  ✅ Migration Applied Successfully:
  - Current migration: b7375bf8a9b5 (head)
  - All 10 tables created in the database:
    a. managers
    b. manager_tokens
    c. email_inboxes
    d. boards
    e. board_keywords
    f. tickets
    g. ticket_status_changes
    h. external_tickets
    i. standby_queue_items
    j. processed_emails

  ✅ New Coding Rule Added:
  The CLAUDE.md file now includes a rule to always run database operations with dangerouslyDisableSandbox: true:
  - **IMPORTANT**: Always run Alembic migrations and any database-related commands
    with `dangerouslyDisableSandbox: true` because sandbox mode blocks network
    connections to localhost

  I'll now remember to disable the sandbox for all database-related commands automatically!

❯ I'd like you to put tests in related modules, not to have the one "tests" directory for all tests. Please refactor that

● I'll help you refactor the test structure to have tests alongside their related modules. Let me first check the current test structure.                                                                                        11:48 PM  claude-sonnet-4-5-20250929

● Search(pattern: "backend/app/tests/**/*")
  ⎿  Found 12 files
     /home/rikkt0r/projects/10xdevs_training_project/backend/app/tests/integration/__init__.py
     /home/rikkt0r/projects/10xdevs_training_project/backend/app/tests/__init__.py
     /home/rikkt0r/projects/10xdevs_training_project/backend/app/tests/unit/__init__.py
     /home/rikkt0r/projects/10xdevs_training_project/backend/app/tests/unit/test_health.py
     /home/rikkt0r/projects/10xdevs_training_project/backend/app/tests/__pycache__/__init__.cpython-313.pyc
     /home/rikkt0r/projects/10xdevs_training_project/backend/app/tests/unit/__pycache__/__init__.cpython-313.pyc
     /home/rikkt0r/projects/10xdevs_training_project/backend/app/tests/conftest.py
     /home/rikkt0r/projects/10xdevs_training_project/backend/app/tests/__pycache__/conftest.cpython-313-pytest-7.4.4.pyc
     /home/rikkt0r/projects/10xdevs_training_project/backend/app/tests/integration/__pycache__/__init__.cpython-313.pyc
     /home/rikkt0r/projects/10xdevs_training_project/backend/app/tests/unit/__pycache__/test_health.cpython-313-pytest-7.4.4.pyc
     /home/rikkt0r/projects/10xdevs_training_project/backend/app/tests/unit/__pycache__/test_auth.cpython-313-pytest-7.4.4.pyc
     /home/rikkt0r/projects/10xdevs_training_project/backend/app/tests/unit/test_auth.py

● Bash(find /home/rikkt0r/projects/10xdevs_training_project/backend/app -type d -name "__pycache__" -prune -o -type d -print | grep -v __pycache__ | sort)
  ⎿  (No content)

● Search(pattern: "backend/app/**/__init__.py")
  ⎿  Found 12 files
     /home/rikkt0r/projects/10xdevs_training_project/backend/app/tests/integration/__init__.py
     /home/rikkt0r/projects/10xdevs_training_project/backend/app/tests/__init__.py
     /home/rikkt0r/projects/10xdevs_training_project/backend/app/tests/unit/__init__.py
     /home/rikkt0r/projects/10xdevs_training_project/backend/app/services/external_platforms/__init__.py
     /home/rikkt0r/projects/10xdevs_training_project/backend/app/services/email/__init__.py
     /home/rikkt0r/projects/10xdevs_training_project/backend/app/services/__init__.py
     /home/rikkt0r/projects/10xdevs_training_project/backend/app/api/__init__.py
     /home/rikkt0r/projects/10xdevs_training_project/backend/app/schemas/__init__.py
     /home/rikkt0r/projects/10xdevs_training_project/backend/app/__init__.py
     /home/rikkt0r/projects/10xdevs_training_project/backend/app/core/__init__.py
     /home/rikkt0r/projects/10xdevs_training_project/backend/app/api/endpoints/__init__.py
     /home/rikkt0r/projects/10xdevs_training_project/backend/app/models/__init__.py

● Read(/home/rikkt0r/projects/10xdevs_training_project/backend/app/tests/unit/test_health.py)
  ⎿  Read 15 lines

● Read(/home/rikkt0r/projects/10xdevs_training_project/backend/app/tests/unit/test_auth.py)
  ⎿  Read 503 lines

● Read(/home/rikkt0r/projects/10xdevs_training_project/backend/app/tests/conftest.py)
  ⎿  Read 286 lines

● Search(pattern: "backend/app/api/**/*.py")
  ⎿  Found 4 files
     /home/rikkt0r/projects/10xdevs_training_project/backend/app/api/__init__.py
     /home/rikkt0r/projects/10xdevs_training_project/backend/app/api/dependencies.py
     /home/rikkt0r/projects/10xdevs_training_project/backend/app/api/endpoints/auth.py
     /home/rikkt0r/projects/10xdevs_training_project/backend/app/api/endpoints/__init__.py

● Now I'll refactor the test structure to place tests alongside their related modules. Here's my plan:                                                                                                                           11:49 PM  claude-sonnet-4-5-20250929

  1. Move test_auth.py to app/api/endpoints/test_auth.py
  2. Move test_health.py to app/api/test_health.py
  3. Move conftest.py to backend/conftest.py (root level for shared fixtures)
  4. Remove the old app/tests directory

● Bash(cp /home/rikkt0r/projects/10xdevs_training_project/backend/app/tests/unit/test_auth.py /home/rikkt0r/projects/10xdevs_training_project/backend/app/api/endpoints/test_auth.py)
  ⎿  (No content)

● Update(/home/rikkt0r/projects/10xdevs_training_project/backend/app/api/endpoints/test_auth.py)
  ⎿  Error: File has not been read yet. Read it first before writing to it.

● Bash(cp /home/rikkt0r/projects/10xdevs_training_project/backend/app/tests/unit/test_health.py /home/rikkt0r/projects/10xdevs_training_project/backend/app/api/test_health.py)
  ⎿  (No content)

● Bash(cp /home/rikkt0r/projects/10xdevs_training_project/backend/app/tests/conftest.py /home/rikkt0r/projects/10xdevs_training_project/backend/conftest.py)
  ⎿  (No content)

● Read(/home/rikkt0r/projects/10xdevs_training_project/backend/app/api/endpoints/test_auth.py · lines 1-15)
  ⎿  Read 15 lines

● Update(/home/rikkt0r/projects/10xdevs_training_project/backend/app/api/endpoints/test_auth.py)
  ⎿  Added 1 line, removed 1 line
       8  from app.models.manager import Manager
       9  from app.models.manager_token import ManagerToken
      10  from app.core.security import hash_string
      11 -from app.tests.conftest import verify_password
      11 +from conftest import verify_password
      12
      13
      14  class TestRegister:

● Bash(rm -rf /home/rikkt0r/projects/10xdevs_training_project/backend/app/tests)
  ⎿  (No content)

● Bash(cd /home/rikkt0r/projects/10xdevs_training_project/backend && source venv/bin/activate && pytest --collect-only)
  ⎿ ============================= test session starts ==============================
    platform linux -- Python 3.13.11, pytest-7.4.4, pluggy-1.6.0 -- /home/rikkt0r/projects/10xdevs_training_project/backend/venv/bin/python3
    cachedir: .pytest_cache
    rootdir: /home/rikkt0r/projects/10xdevs_training_project/backend
    configfile: pytest.ini
    plugins: asyncio-0.23.3, anyio-4.12.1, cov-4.1.0
    asyncio: mode=Mode.STRICT
    collecting ... collected 39 items

    <Package api>
      <Module test_health.py>
        Unit tests for health check endpoint.
        <Function test_health_check>
          Test health check endpoint returns 200.
    <Package endpoints>
      API endpoints package.
      <Module test_auth.py>
        Unit tests for authentication endpoints.
        <Class TestRegister>
          Tests for POST /api/auth/register
          <Function test_register_success>
            Test successful manager registration.
          <Function test_register_duplicate_email>
            Test registration with already existing email.
          <Function test_register_invalid_email>
            Test registration with invalid email format.
          <Function test_register_short_password>
            Test registration with password shorter than 8 characters.
          <Function test_register_empty_name>
            Test registration with empty name.

            Note: Current schema allows empty names. This test documents the current behavior.
            If empty names should be rejected, add min_length=1 to RegisterRequest.name.
          <Function test_register_missing_fields>
            Test registration with missing required fields.
        <Class TestLogin>
          Tests for POST /api/auth/login
          <Function test_login_success>
            Test successful login.
          <Function test_login_invalid_email>
            Test login with non-existent email.
          <Function test_login_invalid_password>
            Test login with wrong password.
          <Function test_login_unverified_email>
            Test login with unverified email.
          <Function test_login_suspended_account>
            Test login with suspended account.
          <Function test_login_invalid_email_format>
            Test login with invalid email format.
        <Class TestLogout>
          Tests for POST /api/auth/logout
          <Function test_logout_success>
            Test successful logout.
          <Function test_logout_no_token>
            Test logout without authentication token.
          <Function test_logout_invalid_token>
            Test logout with invalid token.
        <Class TestVerifyEmail>
          Tests for POST /api/auth/verify-email
          <Function test_verify_email_success>
            Test successful email verification.
          <Function test_verify_email_invalid_token>
            Test email verification with invalid token.
          <Function test_verify_email_expired_token>
            Test email verification with expired token.
          <Function test_verify_email_already_used_token>
            Test email verification with already used token.
        <Class TestResendVerification>
          Tests for POST /api/auth/resend-verification
          <Function test_resend_verification_success>
            Test successful resend of verification email.
          <Function test_resend_verification_already_verified>
            Test resend verification for already verified email.
          <Function test_resend_verification_nonexistent_email>
            Test resend verification for non-existent email (prevents enumeration).
          <Function test_resend_verification_invalid_email_format>
            Test resend verification with invalid email format.
        <Class TestForgotPassword>
          Tests for POST /api/auth/forgot-password
          <Function test_forgot_password_success>
            Test successful forgot password request.
          <Function test_forgot_password_nonexistent_email>
            Test forgot password for non-existent email (prevents enumeration).
          <Function test_forgot_password_invalid_email_format>
            Test forgot password with invalid email format.
        <Class TestResetPassword>
          Tests for POST /api/auth/reset-password
          <Function test_reset_password_success>
            Test successful password reset.
          <Function test_reset_password_invalid_token>
            Test password reset with invalid token.
          <Function test_reset_password_expired_token>
            Test password reset with expired token.
          <Function test_reset_password_short_password>
            Test password reset with password shorter than 8 characters.
          <Function test_reset_password_already_used_token>
            Test password reset with already used token.
        <Class TestRefreshToken>
          Tests for POST /api/auth/refresh
          <Function test_refresh_token_success>
            Test successful token refresh.
          <Function test_refresh_token_no_auth>
            Test token refresh without authentication.
          <Function test_refresh_token_invalid_token>
            Test token refresh with invalid token.
          <Function test_refresh_token_expired_token>
            Test token refresh with expired token.
        <Class TestAuthenticationDependency>
          Tests for authentication dependency behavior.
          <Function test_auth_with_unverified_manager_token>
            Test that unverified managers cannot access protected endpoints.
          <Function test_auth_with_suspended_manager_token>
            Test that suspended managers cannot access protected endpoints.
          <Function test_auth_with_nonexistent_manager_id>
            Test authentication with token containing non-existent manager ID.

    =============================== warnings summary ===============================
    app/core/config.py:8
      /home/rikkt0r/projects/10xdevs_training_project/backend/app/core/config.py:8: PydanticDeprecatedSince20: Support for class-based `config` is deprecated, use ConfigDict instead. Deprecated in Pydantic V2.0 to be removed in V3.0. See Pydantic V2 Migration
    Guide at https://errors.pydantic.dev/2.12/migration/
        class Settings(BaseSettings):

    app/core/database.py:21
      /home/rikkt0r/projects/10xdevs_training_project/backend/app/core/database.py:21: MovedIn20Warning: The ``declarative_base()`` function is now available as sqlalchemy.orm.declarative_base(). (deprecated since: 2.0) (Background on SQLAlchemy 2.0 at:
    https://sqlalche.me/e/b8d9)
        Base = declarative_base()

    app/schemas/auth.py:17
      /home/rikkt0r/projects/10xdevs_training_project/backend/app/schemas/auth.py:17: PydanticDeprecatedSince20: Support for class-based `config` is deprecated, use ConfigDict instead. Deprecated in Pydantic V2.0 to be removed in V3.0. See Pydantic V2 Migration
    Guide at https://errors.pydantic.dev/2.12/migration/
        class RegisterResponse(BaseModel):

    app/schemas/auth.py:36
      /home/rikkt0r/projects/10xdevs_training_project/backend/app/schemas/auth.py:36: PydanticDeprecatedSince20: Support for class-based `config` is deprecated, use ConfigDict instead. Deprecated in Pydantic V2.0 to be removed in V3.0. See Pydantic V2 Migration
    Guide at https://errors.pydantic.dev/2.12/migration/
        class ManagerInfo(BaseModel):

    app/main.py:61
      /home/rikkt0r/projects/10xdevs_training_project/backend/app/main.py:61: DeprecationWarning:
              on_event is deprecated, use lifespan event handlers instead.

              Read more about it in the
              [FastAPI docs for Lifespan Events](https://fastapi.tiangolo.com/advanced/events/).

        @app.on_event("startup")

    venv/lib/python3.13/site-packages/fastapi/applications.py:4495
    venv/lib/python3.13/site-packages/fastapi/applications.py:4495
      /home/rikkt0r/projects/10xdevs_training_project/backend/venv/lib/python3.13/site-packages/fastapi/applications.py:4495: DeprecationWarning:
              on_event is deprecated, use lifespan event handlers instead.

              Read more about it in the
              [FastAPI docs for Lifespan Events](https://fastapi.tiangolo.com/advanced/events/).

        return self.router.on_event(event_type)

    app/main.py:67
      /home/rikkt0r/projects/10xdevs_training_project/backend/app/main.py:67: DeprecationWarning:
              on_event is deprecated, use lifespan event handlers instead.

              Read more about it in the
              [FastAPI docs for Lifespan Events](https://fastapi.tiangolo.com/advanced/events/).

        @app.on_event("shutdown")

    venv/lib/python3.13/site-packages/_pytest/config/__init__.py:1433
      /home/rikkt0r/projects/10xdevs_training_project/backend/venv/lib/python3.13/site-packages/_pytest/config/__init__.py:1433: PytestConfigWarning: No files were found in testpaths; consider removing or adjusting your testpaths configuration. Searching
    recursively from the current directory instead.
        self.args, self.args_source = self._decide_args(

    -- Docs: https://docs.pytest.org/en/stable/how-to/capture-warnings.html

    ---------- coverage: platform linux, python 3.13.11-final-0 ----------
    Name                                          Stmts   Miss  Cover   Missing
    ---------------------------------------------------------------------------
    app/__init__.py                                   0      0   100%
    app/api/__init__.py                               0      0   100%
    app/api/dependencies.py                          28     18    36%   34-77, 95-101
    app/api/endpoints/__init__.py                     2      0   100%
    app/api/endpoints/auth.py                        61     33    46%   47-61, 87-120, 145, 161-163, 179-195, 211-221, 238-244, 258-263
    app/api/endpoints/test_auth.py                  205    151    26%   19-28, 32-39, 43-49, 53-59, 67-74, 78-82, 90-101, 105-111, 115-121, 125-131, 135-141, 145-150, 158-178, 182-184, 188-193, 201-210, 214-219, 223-228, 233-243, 251-257, 261-267, 271-278,
    282-286, 294-300, 304-311, 315-319, 327-341, 345-351, 355-361, 365-370, 375-387, 395-413, 417-419, 423-428, 432-445, 453-467, 471-485, 489-502
    app/api/test_health.py                            8      5    38%   10-14
    app/core/__init__.py                              0      0   100%
    app/core/config.py                               33      0   100%
    app/core/database.py                             12      4    67%   33-37
    app/core/security.py                             38     22    42%   20, 25, 39-51, 64-72, 86-88, 101-104, 117
    app/main.py                                      22      4    82%   43, 64-65, 70
    app/models/__init__.py                           12      0   100%
    app/models/board.py                              22      0   100%
    app/models/board_keyword.py                      12      0   100%
    app/models/email_inbox.py                        28      0   100%
    app/models/external_ticket.py                    19      0   100%
    app/models/manager.py                            20      0   100%
    app/models/manager_token.py                      15      0   100%
    app/models/processed_email.py                    14      0   100%
    app/models/standby_queue_item.py                 18      0   100%
    app/models/ticket.py                             21      0   100%
    app/models/ticket_status_change.py               14      0   100%
    app/schemas/__init__.py                           0      0   100%
    app/schemas/auth.py                              47      0   100%
    app/services/__init__.py                          0      0   100%
    app/services/auth_service.py                     70     52    26%   43-62, 76-89, 105-137, 151-159, 173-193, 210-242
    app/services/email/__init__.py                    0      0   100%
    app/services/email_service.py                    41     25    39%   42-69, 82-102, 115-135
    app/services/external_platforms/__init__.py       0      0   100%
    ---------------------------------------------------------------------------
    TOTAL                                           762    314    59%
    Coverage HTML written to dir htmlcov

    ========================= 39 tests collected in 0.31s ==========================

● Read(/home/rikkt0r/projects/10xdevs_training_project/backend/pytest.ini)
  ⎿  Read 17 lines

● Update(/home/rikkt0r/projects/10xdevs_training_project/backend/pytest.ini)
  ⎿  Added 1 line, removed 1 line
      1  [pytest]
      2 -testpaths = app/tests
      2 +testpaths = app
      3  python_files = test_*.py
      4  python_classes = Test*
      5  python_functions = test_*

● Bash(source venv/bin/activate && pytest --collect-only -q)
  ⎿ ============================= test session starts ==============================
    platform linux -- Python 3.13.11, pytest-7.4.4, pluggy-1.6.0
    rootdir: /home/rikkt0r/projects/10xdevs_training_project/backend
    configfile: pytest.ini
    testpaths: app
    plugins: asyncio-0.23.3, anyio-4.12.1, cov-4.1.0
    asyncio: mode=Mode.STRICT
    collected 39 items

    <Package api>
      <Module test_health.py>
        <Function test_health_check>
    <Package endpoints>
      <Module test_auth.py>
        <Class TestRegister>
          <Function test_register_success>
          <Function test_register_duplicate_email>
          <Function test_register_invalid_email>
          <Function test_register_short_password>
          <Function test_register_empty_name>
          <Function test_register_missing_fields>
        <Class TestLogin>
          <Function test_login_success>
          <Function test_login_invalid_email>
          <Function test_login_invalid_password>
          <Function test_login_unverified_email>
          <Function test_login_suspended_account>
          <Function test_login_invalid_email_format>
        <Class TestLogout>
          <Function test_logout_success>
          <Function test_logout_no_token>
          <Function test_logout_invalid_token>
        <Class TestVerifyEmail>
          <Function test_verify_email_success>
          <Function test_verify_email_invalid_token>
          <Function test_verify_email_expired_token>
          <Function test_verify_email_already_used_token>
        <Class TestResendVerification>
          <Function test_resend_verification_success>
          <Function test_resend_verification_already_verified>
          <Function test_resend_verification_nonexistent_email>
          <Function test_resend_verification_invalid_email_format>
        <Class TestForgotPassword>
          <Function test_forgot_password_success>
          <Function test_forgot_password_nonexistent_email>
          <Function test_forgot_password_invalid_email_format>
        <Class TestResetPassword>
          <Function test_reset_password_success>
          <Function test_reset_password_invalid_token>
          <Function test_reset_password_expired_token>
          <Function test_reset_password_short_password>
          <Function test_reset_password_already_used_token>
        <Class TestRefreshToken>
          <Function test_refresh_token_success>
          <Function test_refresh_token_no_auth>
          <Function test_refresh_token_invalid_token>
          <Function test_refresh_token_expired_token>
        <Class TestAuthenticationDependency>
          <Function test_auth_with_unverified_manager_token>
          <Function test_auth_with_suspended_manager_token>
          <Function test_auth_with_nonexistent_manager_id>

    =============================== warnings summary ===============================
    app/core/config.py:8
      /home/rikkt0r/projects/10xdevs_training_project/backend/app/core/config.py:8: PydanticDeprecatedSince20: Support for class-based `config` is deprecated, use ConfigDict instead. Deprecated in Pydantic V2.0 to be removed in V3.0. See Pydantic V2 Migration
    Guide at https://errors.pydantic.dev/2.12/migration/
        class Settings(BaseSettings):

    app/core/database.py:21
      /home/rikkt0r/projects/10xdevs_training_project/backend/app/core/database.py:21: MovedIn20Warning: The ``declarative_base()`` function is now available as sqlalchemy.orm.declarative_base(). (deprecated since: 2.0) (Background on SQLAlchemy 2.0 at:
    https://sqlalche.me/e/b8d9)
        Base = declarative_base()

    app/schemas/auth.py:17
      /home/rikkt0r/projects/10xdevs_training_project/backend/app/schemas/auth.py:17: PydanticDeprecatedSince20: Support for class-based `config` is deprecated, use ConfigDict instead. Deprecated in Pydantic V2.0 to be removed in V3.0. See Pydantic V2 Migration
    Guide at https://errors.pydantic.dev/2.12/migration/
        class RegisterResponse(BaseModel):

    app/schemas/auth.py:36
      /home/rikkt0r/projects/10xdevs_training_project/backend/app/schemas/auth.py:36: PydanticDeprecatedSince20: Support for class-based `config` is deprecated, use ConfigDict instead. Deprecated in Pydantic V2.0 to be removed in V3.0. See Pydantic V2 Migration
    Guide at https://errors.pydantic.dev/2.12/migration/
        class ManagerInfo(BaseModel):

    app/main.py:61
      /home/rikkt0r/projects/10xdevs_training_project/backend/app/main.py:61: DeprecationWarning:
              on_event is deprecated, use lifespan event handlers instead.

              Read more about it in the
              [FastAPI docs for Lifespan Events](https://fastapi.tiangolo.com/advanced/events/).

        @app.on_event("startup")

    venv/lib/python3.13/site-packages/fastapi/applications.py:4495
    venv/lib/python3.13/site-packages/fastapi/applications.py:4495
      /home/rikkt0r/projects/10xdevs_training_project/backend/venv/lib/python3.13/site-packages/fastapi/applications.py:4495: DeprecationWarning:
              on_event is deprecated, use lifespan event handlers instead.

              Read more about it in the
              [FastAPI docs for Lifespan Events](https://fastapi.tiangolo.com/advanced/events/).

        return self.router.on_event(event_type)

    app/main.py:67
      /home/rikkt0r/projects/10xdevs_training_project/backend/app/main.py:67: DeprecationWarning:
              on_event is deprecated, use lifespan event handlers instead.

              Read more about it in the
              [FastAPI docs for Lifespan Events](https://fastapi.tiangolo.com/advanced/events/).

        @app.on_event("shutdown")

    -- Docs: https://docs.pytest.org/en/stable/how-to/capture-warnings.html

    ---------- coverage: platform linux, python 3.13.11-final-0 ----------
    Name                                          Stmts   Miss  Cover   Missing
    ---------------------------------------------------------------------------
    app/__init__.py                                   0      0   100%
    app/api/__init__.py                               0      0   100%
    app/api/dependencies.py                          28     18    36%   34-77, 95-101
    app/api/endpoints/__init__.py                     2      0   100%
    app/api/endpoints/auth.py                        61     33    46%   47-61, 87-120, 145, 161-163, 179-195, 211-221, 238-244, 258-263
    app/api/endpoints/test_auth.py                  205    151    26%   19-28, 32-39, 43-49, 53-59, 67-74, 78-82, 90-101, 105-111, 115-121, 125-131, 135-141, 145-150, 158-178, 182-184, 188-193, 201-210, 214-219, 223-228, 233-243, 251-257, 261-267, 271-278,
    282-286, 294-300, 304-311, 315-319, 327-341, 345-351, 355-361, 365-370, 375-387, 395-413, 417-419, 423-428, 432-445, 453-467, 471-485, 489-502
    app/api/test_health.py                            8      5    38%   10-14
    app/core/__init__.py                              0      0   100%
    app/core/config.py                               33      0   100%
    app/core/database.py                             12      4    67%   33-37
    app/core/security.py                             38     22    42%   20, 25, 39-51, 64-72, 86-88, 101-104, 117
    app/main.py                                      22      4    82%   43, 64-65, 70
    app/models/__init__.py                           12      0   100%
    app/models/board.py                              22      0   100%
    app/models/board_keyword.py                      12      0   100%
    app/models/email_inbox.py                        28      0   100%
    app/models/external_ticket.py                    19      0   100%
    app/models/manager.py                            20      0   100%
    app/models/manager_token.py                      15      0   100%
    app/models/processed_email.py                    14      0   100%
    app/models/standby_queue_item.py                 18      0   100%
    app/models/ticket.py                             21      0   100%
    app/models/ticket_status_change.py               14      0   100%
    app/schemas/__init__.py                           0      0   100%
    app/schemas/auth.py                              47      0   100%
    app/services/__init__.py                          0      0   100%
    app/services/auth_service.py                     70     52    26%   43-62, 76-89, 105-137, 151-159, 173-193, 210-242
    app/services/email/__init__.py                    0      0   100%
    app/services/email_service.py                    41     25    39%   42-69, 82-102, 115-135
    app/services/external_platforms/__init__.py       0      0   100%
    ---------------------------------------------------------------------------
    TOTAL                                           762    314    59%
    Coverage HTML written to dir htmlcov

    ========================= 39 tests collected in 0.17s ==========================

● Bash(find /home/rikkt0r/projects/10xdevs_training_project/backend -name "test_*.py" -o -name "conftest.py" | grep -v __pycache__ | grep -v venv | sort)
  ⎿  (No content)

● Bash(find . -name "test_*.py" -type f | grep -v __pycache__ | grep -v venv | sort)
  ⎿  (No content)

● Bash(ls -la app/api/test_* app/api/endpoints/test_* conftest.py 2>/dev/null)
  ⎿  -rw-r----- 1 rikkt0r rikkt0r 18968 Jan 18 23:49 app/api/endpoints/test_auth.py
     -rw-r----- 1 rikkt0r rikkt0r   334 Jan 18 23:49 app/api/test_health.py
     -rw-r----- 1 rikkt0r rikkt0r  8319 Jan 18 23:49 conftest.py

● Perfect! I've successfully refactored the test structure. Here's what changed:                                                                                                                                                 11:50 PM  claude-sonnet-4-5-20250929

  Test Structure Refactoring Complete ✅

  New Structure:

  backend/
  ├── conftest.py                           # Shared fixtures (moved from app/tests/)
  └── app/
      ├── api/
      │   ├── test_health.py               # Health endpoint tests
      │   └── endpoints/
      │       └── test_auth.py             # Auth endpoint tests
      └── [other modules can have test files alongside them]

  Changes Made:

  1. ✅ Moved test_auth.py → app/api/endpoints/test_auth.py (alongside auth.py)
  2. ✅ Moved test_health.py → app/api/test_health.py (alongside health endpoint)
  3. ✅ Moved conftest.py → backend/conftest.py (root level for sharing)
  4. ✅ Removed old app/tests/ directory
  5. ✅ Updated pytest.ini testpaths from app/tests to app
  6. ✅ Fixed import in test_auth.py to use root-level conftest

  Verification:

  - All 39 tests discovered correctly ✅
  - No testpaths warnings ✅
  - Tests are now colocated with the code they test ✅

  Benefits:

  - Tests live alongside the code they test
  - Easier to find relevant tests when working on a feature
  - Better modular organization
  - conftest.py at root level allows sharing fixtures across all tests

  The pattern is now:
  - app/api/endpoints/auth.py has tests in app/api/endpoints/test_auth.py
  - Future modules can follow the same pattern (e.g., app/services/auth_service.py → app/services/test_auth_service.py)

✻ Brewed for 1m 52s

❯ I'd like the tests to be contained within "tests" directories in these modules. For example: app/services/test_auth_service.py ---> app/services/tests/test_auth_service.py. Please redo

● I'll refactor the tests to be in tests/ subdirectories within each module.                                                                                                                                                     11:51 PM  claude-sonnet-4-5-20250929

● Bash(mkdir -p app/api/tests app/api/endpoints/tests)
  ⎿  (No content)

● Bash(touch app/api/tests/__init__.py app/api/endpoints/tests/__init__.py)
  ⎿  (No content)

● Bash(mv app/api/test_health.py app/api/tests/test_health.py && mv app/api/endpoints/test_auth.py app/api/endpoints/tests/test_auth.py)
  ⎿  (No content)

● Bash(source venv/bin/activate && pytest --collect-only -q)
  ⎿ ============================= test session starts ==============================
    platform linux -- Python 3.13.11, pytest-7.4.4, pluggy-1.6.0
    rootdir: /home/rikkt0r/projects/10xdevs_training_project/backend
    configfile: pytest.ini
    testpaths: app
    plugins: asyncio-0.23.3, anyio-4.12.1, cov-4.1.0
    asyncio: mode=Mode.STRICT
    collected 39 items

    <Package tests>
      <Module test_auth.py>
        <Class TestRegister>
          <Function test_register_success>
          <Function test_register_duplicate_email>
          <Function test_register_invalid_email>
          <Function test_register_short_password>
          <Function test_register_empty_name>
          <Function test_register_missing_fields>
        <Class TestLogin>
          <Function test_login_success>
          <Function test_login_invalid_email>
          <Function test_login_invalid_password>
          <Function test_login_unverified_email>
          <Function test_login_suspended_account>
          <Function test_login_invalid_email_format>
        <Class TestLogout>
          <Function test_logout_success>
          <Function test_logout_no_token>
          <Function test_logout_invalid_token>
        <Class TestVerifyEmail>
          <Function test_verify_email_success>
          <Function test_verify_email_invalid_token>
          <Function test_verify_email_expired_token>
          <Function test_verify_email_already_used_token>
        <Class TestResendVerification>
          <Function test_resend_verification_success>
          <Function test_resend_verification_already_verified>
          <Function test_resend_verification_nonexistent_email>
          <Function test_resend_verification_invalid_email_format>
        <Class TestForgotPassword>
          <Function test_forgot_password_success>
          <Function test_forgot_password_nonexistent_email>
          <Function test_forgot_password_invalid_email_format>
        <Class TestResetPassword>
          <Function test_reset_password_success>
          <Function test_reset_password_invalid_token>
          <Function test_reset_password_expired_token>
          <Function test_reset_password_short_password>
          <Function test_reset_password_already_used_token>
        <Class TestRefreshToken>
          <Function test_refresh_token_success>
          <Function test_refresh_token_no_auth>
          <Function test_refresh_token_invalid_token>
          <Function test_refresh_token_expired_token>
        <Class TestAuthenticationDependency>
          <Function test_auth_with_unverified_manager_token>
          <Function test_auth_with_suspended_manager_token>
          <Function test_auth_with_nonexistent_manager_id>
    <Package tests>
      <Module test_health.py>
        <Function test_health_check>

    =============================== warnings summary ===============================
    app/core/config.py:8
      /home/rikkt0r/projects/10xdevs_training_project/backend/app/core/config.py:8: PydanticDeprecatedSince20: Support for class-based `config` is deprecated, use ConfigDict instead. Deprecated in Pydantic V2.0 to be removed in V3.0. See Pydantic V2 Migration
    Guide at https://errors.pydantic.dev/2.12/migration/
        class Settings(BaseSettings):

    app/core/database.py:21
      /home/rikkt0r/projects/10xdevs_training_project/backend/app/core/database.py:21: MovedIn20Warning: The ``declarative_base()`` function is now available as sqlalchemy.orm.declarative_base(). (deprecated since: 2.0) (Background on SQLAlchemy 2.0 at:
    https://sqlalche.me/e/b8d9)
        Base = declarative_base()

    app/schemas/auth.py:17
      /home/rikkt0r/projects/10xdevs_training_project/backend/app/schemas/auth.py:17: PydanticDeprecatedSince20: Support for class-based `config` is deprecated, use ConfigDict instead. Deprecated in Pydantic V2.0 to be removed in V3.0. See Pydantic V2 Migration
    Guide at https://errors.pydantic.dev/2.12/migration/
        class RegisterResponse(BaseModel):

    app/schemas/auth.py:36
      /home/rikkt0r/projects/10xdevs_training_project/backend/app/schemas/auth.py:36: PydanticDeprecatedSince20: Support for class-based `config` is deprecated, use ConfigDict instead. Deprecated in Pydantic V2.0 to be removed in V3.0. See Pydantic V2 Migration
    Guide at https://errors.pydantic.dev/2.12/migration/
        class ManagerInfo(BaseModel):

    app/main.py:61
      /home/rikkt0r/projects/10xdevs_training_project/backend/app/main.py:61: DeprecationWarning:
              on_event is deprecated, use lifespan event handlers instead.

              Read more about it in the
              [FastAPI docs for Lifespan Events](https://fastapi.tiangolo.com/advanced/events/).

        @app.on_event("startup")

    venv/lib/python3.13/site-packages/fastapi/applications.py:4495
    venv/lib/python3.13/site-packages/fastapi/applications.py:4495
      /home/rikkt0r/projects/10xdevs_training_project/backend/venv/lib/python3.13/site-packages/fastapi/applications.py:4495: DeprecationWarning:
              on_event is deprecated, use lifespan event handlers instead.

              Read more about it in the
              [FastAPI docs for Lifespan Events](https://fastapi.tiangolo.com/advanced/events/).

        return self.router.on_event(event_type)

    app/main.py:67
      /home/rikkt0r/projects/10xdevs_training_project/backend/app/main.py:67: DeprecationWarning:
              on_event is deprecated, use lifespan event handlers instead.

              Read more about it in the
              [FastAPI docs for Lifespan Events](https://fastapi.tiangolo.com/advanced/events/).

        @app.on_event("shutdown")

    -- Docs: https://docs.pytest.org/en/stable/how-to/capture-warnings.html

    ---------- coverage: platform linux, python 3.13.11-final-0 ----------
    Name                                          Stmts   Miss  Cover   Missing
    ---------------------------------------------------------------------------
    app/__init__.py                                   0      0   100%
    app/api/__init__.py                               0      0   100%
    app/api/dependencies.py                          28     18    36%   34-77, 95-101
    app/api/endpoints/__init__.py                     2      0   100%
    app/api/endpoints/auth.py                        61     33    46%   47-61, 87-120, 145, 161-163, 179-195, 211-221, 238-244, 258-263
    app/api/endpoints/tests/__init__.py               0      0   100%
    app/api/endpoints/tests/test_auth.py            205    151    26%   19-28, 32-39, 43-49, 53-59, 67-74, 78-82, 90-101, 105-111, 115-121, 125-131, 135-141, 145-150, 158-178, 182-184, 188-193, 201-210, 214-219, 223-228, 233-243, 251-257, 261-267, 271-278,
    282-286, 294-300, 304-311, 315-319, 327-341, 345-351, 355-361, 365-370, 375-387, 395-413, 417-419, 423-428, 432-445, 453-467, 471-485, 489-502
    app/api/tests/__init__.py                         0      0   100%
    app/api/tests/test_health.py                      8      5    38%   10-14
    app/core/__init__.py                              0      0   100%
    app/core/config.py                               33      0   100%
    app/core/database.py                             12      4    67%   33-37
    app/core/security.py                             38     22    42%   20, 25, 39-51, 64-72, 86-88, 101-104, 117
    app/main.py                                      22      4    82%   43, 64-65, 70
    app/models/__init__.py                           12      0   100%
    app/models/board.py                              22      0   100%
    app/models/board_keyword.py                      12      0   100%
    app/models/email_inbox.py                        28      0   100%
    app/models/external_ticket.py                    19      0   100%
    app/models/manager.py                            20      0   100%
    app/models/manager_token.py                      15      0   100%
    app/models/processed_email.py                    14      0   100%
    app/models/standby_queue_item.py                 18      0   100%
    app/models/ticket.py                             21      0   100%
    app/models/ticket_status_change.py               14      0   100%
    app/schemas/__init__.py                           0      0   100%
    app/schemas/auth.py                              47      0   100%
    app/services/__init__.py                          0      0   100%
    app/services/auth_service.py                     70     52    26%   43-62, 76-89, 105-137, 151-159, 173-193, 210-242
    app/services/email/__init__.py                    0      0   100%
    app/services/email_service.py                    41     25    39%   42-69, 82-102, 115-135
    app/services/external_platforms/__init__.py       0      0   100%
    ---------------------------------------------------------------------------
    TOTAL                                           762    314    59%
    Coverage HTML written to dir htmlcov

    ========================= 39 tests collected in 0.25s ==========================

● Bash(tree -I '__pycache__|venv|*.pyc|htmlcov|.pytest_cache' app/api -L 3)
  ⎿  app/api
     ├── __init__.py
     ├── dependencies.py
     ├── endpoints
     │   ├── __init__.py
     │   ├── auth.py
     │   └── tests
     │       ├── __init__.py
     │       └── test_auth.py
     └── tests
         ├── __init__.py
         └── test_health.py

     4 directories, 8 files

● Bash(ls -la conftest.py)
  ⎿  -rw-r----- 1 rikkt0r rikkt0r 8319 Jan 18 23:49 conftest.py

● Perfect! Test structure refactoring is complete! ✅                                                                                                                                                                            11:52 PM  claude-sonnet-4-5-20250929

  New Test Structure

  backend/
  ├── conftest.py                                    # Shared fixtures for all tests
  └── app/
      ├── api/
      │   ├── dependencies.py
      │   ├── endpoints/
      │   │   ├── auth.py
      │   │   └── tests/
      │   │       ├── __init__.py
      │   │       └── test_auth.py               # Tests for auth endpoint
      │   └── tests/
      │       ├── __init__.py
      │       └── test_health.py                 # Tests for health endpoint
      ├── models/
      ├── services/
      └── schemas/

  Changes Made:

  1. ✅ Created app/api/tests/ directory
  2. ✅ Created app/api/endpoints/tests/ directory
  3. ✅ Added __init__.py to make test directories proper Python packages
  4. ✅ Moved test_health.py → app/api/tests/test_health.py
  5. ✅ Moved test_auth.py → app/api/endpoints/tests/test_auth.py
  6. ✅ Verified all 39 tests are discovered correctly

  Pattern for Future Tests:

  When you add tests for other modules, follow this pattern:

  - app/services/auth_service.py → app/services/tests/test_auth_service.py
  - app/models/manager.py → app/models/tests/test_manager.py
  - app/core/security.py → app/core/tests/test_security.py

  Each module gets its own tests/ subdirectory containing its test files. The root conftest.py provides shared fixtures available to all tests throughout the project.

✻ Crunched for 41s

❯ create a rule in CLAUDE.md out of my requirement

● I'll add a rule to CLAUDE.md about the test structure requirement.                                                                                                                                                             11:53 PM  claude-sonnet-4-5-20250929

● Read(/home/rikkt0r/projects/10xdevs_training_project/CLAUDE.md · lines 120-139)
  ⎿  Read 20 lines

● Update(/home/rikkt0r/projects/10xdevs_training_project/CLAUDE.md)
  ⎿  Added 14 lines
      129
      130  ## TESTING
      131
      132 +### Guidelines for TEST_ORGANIZATION
      133 +
      134 +#### TEST_STRUCTURE
      135 +
      136 +- Tests must be organized in `tests/` subdirectories within each module, NOT in a centralized tests directory
      137 +- Pattern: `app/module_name/tests/test_*.py` (e.g., `app/services/tests/test_auth_service.py`)
      138 +- Each module's `tests/` directory must have an `__init__.py` file
      139 +- Shared fixtures and test configuration go in `<project-root>/backend/conftest.py`
      140 +- Examples:
      141 +  - `app/api/endpoints/auth.py` → `app/api/endpoints/tests/test_auth.py`
      142 +  - `app/services/auth_service.py` → `app/services/tests/test_auth_service.py`
      143 +  - `app/models/manager.py` → `app/models/tests/test_manager.py`
      144 +  - `app/core/security.py` → `app/core/tests/test_security.py`
      145 +
      146  ### Guidelines for UNIT
      147
      148  #### PYTEST

● Perfect! I've added a new rule to CLAUDE.md under the TESTING section. Here's what was added:                                                                                                                                  11:53 PM  claude-sonnet-4-5-20250929

  New Rule: TEST_ORGANIZATION → TEST_STRUCTURE

  ### Guidelines for TEST_ORGANIZATION

  #### TEST_STRUCTURE

  - Tests must be organized in `tests/` subdirectories within each module, NOT in a centralized tests directory
  - Pattern: `app/module_name/tests/test_*.py` (e.g., `app/services/tests/test_auth_service.py`)
  - Each module's `tests/` directory must have an `__init__.py` file
  - Shared fixtures and test configuration go in `<project-root>/backend/conftest.py`
  - Examples:
    - `app/api/endpoints/auth.py` → `app/api/endpoints/tests/test_auth.py`
    - `app/services/auth_service.py` → `app/services/tests/test_auth_service.py`
    - `app/models/manager.py` → `app/models/tests/test_manager.py`
    - `app/core/security.py` → `app/core/tests/test_security.py`

  This rule is now positioned under the ## TESTING section, before the PYTEST guidelines, so I'll always remember to:
  - Place tests in tests/ subdirectories within each module
  - Never create a centralized tests directory
  - Follow the pattern with concrete examples for different module types

❯ run the tests

● I'll run the tests for you.                                                                                                                                                                                                    11:53 PM  claude-sonnet-4-5-20250929

● Bash(source venv/bin/activate && pytest -v)
  ⎿  Error: Exit code 1
     ============================= test session starts ==============================
     platform linux -- Python 3.13.11, pytest-7.4.4, pluggy-1.6.0 -- /home/rikkt0r/projects/10xdevs_training_project/backend/venv/bin/python3
     cachedir: .pytest_cache
     rootdir: /home/rikkt0r/projects/10xdevs_training_project/backend
     configfile: pytest.ini
     testpaths: app
     plugins: asyncio-0.23.3, anyio-4.12.1, cov-4.1.0
     asyncio: mode=Mode.STRICT
     collecting ... collected 39 items

     app/api/endpoints/tests/test_auth.py::TestRegister::test_register_success PASSED [  2%]
     app/api/endpoints/tests/test_auth.py::TestRegister::test_register_duplicate_email PASSED [  5%]
     app/api/endpoints/tests/test_auth.py::TestRegister::test_register_invalid_email PASSED [  7%]
     app/api/endpoints/tests/test_auth.py::TestRegister::test_register_short_password PASSED [ 10%]
     app/api/endpoints/tests/test_auth.py::TestRegister::test_register_empty_name PASSED [ 12%]
     app/api/endpoints/tests/test_auth.py::TestRegister::test_register_missing_fields PASSED [ 15%]
     app/api/endpoints/tests/test_auth.py::TestLogin::test_login_success PASSED [ 17%]
     app/api/endpoints/tests/test_auth.py::TestLogin::test_login_invalid_email PASSED [ 20%]
     app/api/endpoints/tests/test_auth.py::TestLogin::test_login_invalid_password PASSED [ 23%]
     app/api/endpoints/tests/test_auth.py::TestLogin::test_login_unverified_email PASSED [ 25%]
     app/api/endpoints/tests/test_auth.py::TestLogin::test_login_suspended_account PASSED [ 28%]
     app/api/endpoints/tests/test_auth.py::TestLogin::test_login_invalid_email_format PASSED [ 30%]
     app/api/endpoints/tests/test_auth.py::TestLogout::test_logout_success FAILED [ 33%]
     app/api/endpoints/tests/test_auth.py::TestLogout::test_logout_no_token PASSED [ 35%]
     app/api/endpoints/tests/test_auth.py::TestLogout::test_logout_invalid_token PASSED [ 38%]
     app/api/endpoints/tests/test_auth.py::TestVerifyEmail::test_verify_email_success PASSED [ 41%]
     app/api/endpoints/tests/test_auth.py::TestVerifyEmail::test_verify_email_invalid_token PASSED [ 43%]
     app/api/endpoints/tests/test_auth.py::TestVerifyEmail::test_verify_email_expired_token PASSED [ 46%]
     app/api/endpoints/tests/test_auth.py::TestVerifyEmail::test_verify_email_already_used_token PASSED [ 48%]
     app/api/endpoints/tests/test_auth.py::TestResendVerification::test_resend_verification_success PASSED [ 51%]
     app/api/endpoints/tests/test_auth.py::TestResendVerification::test_resend_verification_already_verified PASSED [ 53%]
     app/api/endpoints/tests/test_auth.py::TestResendVerification::test_resend_verification_nonexistent_email PASSED [ 56%]
     app/api/endpoints/tests/test_auth.py::TestResendVerification::test_resend_verification_invalid_email_format PASSED [ 58%]
     app/api/endpoints/tests/test_auth.py::TestForgotPassword::test_forgot_password_success PASSED [ 61%]
     app/api/endpoints/tests/test_auth.py::TestForgotPassword::test_forgot_password_nonexistent_email PASSED [ 64%]
     app/api/endpoints/tests/test_auth.py::TestForgotPassword::test_forgot_password_invalid_email_format PASSED [ 66%]
     app/api/endpoints/tests/test_auth.py::TestResetPassword::test_reset_password_success PASSED [ 69%]
     app/api/endpoints/tests/test_auth.py::TestResetPassword::test_reset_password_invalid_token PASSED [ 71%]
     app/api/endpoints/tests/test_auth.py::TestResetPassword::test_reset_password_expired_token PASSED [ 74%]
     app/api/endpoints/tests/test_auth.py::TestResetPassword::test_reset_password_short_password PASSED [ 76%]
     app/api/endpoints/tests/test_auth.py::TestResetPassword::test_reset_password_already_used_token PASSED [ 79%]
     app/api/endpoints/tests/test_auth.py::TestRefreshToken::test_refresh_token_success FAILED [ 82%]
     app/api/endpoints/tests/test_auth.py::TestRefreshToken::test_refresh_token_no_auth PASSED [ 84%]
     app/api/endpoints/tests/test_auth.py::TestRefreshToken::test_refresh_token_invalid_token PASSED [ 87%]
     app/api/endpoints/tests/test_auth.py::TestRefreshToken::test_refresh_token_expired_token PASSED [ 89%]
     app/api/endpoints/tests/test_auth.py::TestAuthenticationDependency::test_auth_with_unverified_manager_token FAILED [ 92%]
     app/api/endpoints/tests/test_auth.py::TestAuthenticationDependency::test_auth_with_suspended_manager_token FAILED [ 94%]
     app/api/endpoints/tests/test_auth.py::TestAuthenticationDependency::test_auth_with_nonexistent_manager_id PASSED [ 97%]
     app/api/tests/test_health.py::test_health_check PASSED                   [100%]

     =================================== FAILURES ===================================
     ________________________ TestLogout.test_logout_success ________________________
     app/api/endpoints/tests/test_auth.py:177: in test_logout_success
         assert response.status_code == 200
     E   assert 401 == 200
     E    +  where 401 = <Response [401 Unauthorized]>.status_code
     ---------------------------- Captured stderr setup -----------------------------
     2026-01-18 23:53:53,031 - app.main - INFO - Starting Simple Issue Tracker v0.1.0
     2026-01-18 23:53:53,031 - app.main - INFO - Environment: test
     ------------------------------ Captu

     ... [15019 characters truncated] ...

     on. Use timezone-aware objects to represent datetimes in UTC: datetime.datetime.now(datetime.UTC).
         expires_at=datetime.utcnow() + timedelta(hours=1)

     app/api/endpoints/tests/test_auth.py::TestResetPassword::test_reset_password_success
     app/api/endpoints/tests/test_auth.py::TestResetPassword::test_reset_password_expired_token
     app/api/endpoints/tests/test_auth.py::TestResetPassword::test_reset_password_already_used_token
       /home/rikkt0r/projects/10xdevs_training_project/backend/app/services/auth_service.py:226: DeprecationWarning: datetime.datetime.utcnow() is deprecated and scheduled for removal in a future version. Use timezone-aware objects to represent datetimes in UTC:
     datetime.datetime.now(datetime.UTC).
         if manager_token.expires_at < datetime.utcnow():

     app/api/endpoints/tests/test_auth.py::TestResetPassword::test_reset_password_success
     app/api/endpoints/tests/test_auth.py::TestResetPassword::test_reset_password_already_used_token
       /home/rikkt0r/projects/10xdevs_training_project/backend/app/services/auth_service.py:233: DeprecationWarning: datetime.datetime.utcnow() is deprecated and scheduled for removal in a future version. Use timezone-aware objects to represent datetimes in UTC:
     datetime.datetime.now(datetime.UTC).
         manager_token.used_at = datetime.utcnow()

     app/api/endpoints/tests/test_auth.py::TestResetPassword::test_reset_password_expired_token
       /home/rikkt0r/projects/10xdevs_training_project/backend/conftest.py:280: DeprecationWarning: datetime.datetime.utcnow() is deprecated and scheduled for removal in a future version. Use timezone-aware objects to represent datetimes in UTC:
     datetime.datetime.now(datetime.UTC).
         expires_at=datetime.utcnow() - timedelta(hours=1)  # Expired

     -- Docs: https://docs.pytest.org/en/stable/how-to/capture-warnings.html

     ---------- coverage: platform linux, python 3.13.11-final-0 ----------
     Name                                          Stmts   Miss  Cover   Missing
     ---------------------------------------------------------------------------
     app/__init__.py                                   0      0   100%
     app/api/__init__.py                               0      0   100%
     app/api/dependencies.py                          28     14    50%   46-77, 95-101
     app/api/endpoints/__init__.py                     2      0   100%
     app/api/endpoints/auth.py                        61      3    95%   145, 258-263
     app/api/endpoints/tests/__init__.py               0      0   100%
     app/api/endpoints/tests/test_auth.py            205      7    97%   178, 410-413, 467, 485
     app/api/tests/__init__.py                         0      0   100%
     app/api/tests/test_health.py                      8      0   100%
     app/core/__init__.py                              0      0   100%
     app/core/config.py                               33      0   100%
     app/core/database.py                             12      4    67%   33-37
     app/core/security.py                             38     11    71%   20, 25, 43, 70, 86-88, 101-104
     app/main.py                                      22      0   100%
     app/models/__init__.py                           12      0   100%
     app/models/board.py                              22      0   100%
     app/models/board_keyword.py                      12      0   100%
     app/models/email_inbox.py                        28      0   100%
     app/models/external_ticket.py                    19      0   100%
     app/models/manager.py                            20      0   100%
     app/models/manager_token.py                      15      0   100%
     app/models/processed_email.py                    14      0   100%
     app/models/standby_queue_item.py                 18      0   100%
     app/models/ticket.py                             21      0   100%
     app/models/ticket_status_change.py               14      0   100%
     app/schemas/__init__.py                           0      0   100%
     app/schemas/auth.py                              47      0   100%
     app/services/__init__.py                          0      0   100%
     app/services/auth_service.py                     70      0   100%
     app/services/email/__init__.py                    0      0   100%
     app/services/email_service.py                    41     25    39%   42-69, 82-102, 115-135
     app/services/external_platforms/__init__.py       0      0   100%
     ---------------------------------------------------------------------------
     TOTAL                                           762     64    92%
     Coverage HTML written to dir htmlcov

     =========================== short test summary info ============================
     FAILED app/api/endpoints/tests/test_auth.py::TestLogout::test_logout_success
     FAILED app/api/endpoints/tests/test_auth.py::TestRefreshToken::test_refresh_token_success
     FAILED app/api/endpoints/tests/test_auth.py::TestAuthenticationDependency::test_auth_with_unverified_manager_token
     FAILED app/api/endpoints/tests/test_auth.py::TestAuthenticationDependency::test_auth_with_suspended_manager_token
     ================== 4 failed, 35 passed, 59 warnings in 1.10s ===================

● Tests completed with 4 failures out of 39 tests. Here's the summary:                                                                                                                                                           11:54 PM  claude-sonnet-4-5-20250929

  Test Results:

  - ✅ 35 tests passed
  - ❌ 4 tests failed
  - 📊 92% code coverage

  Failed Tests:

  All failures are in authentication-related tests:

  1. TestLogout::test_logout_success - Expected 200, got 401
    - The logout endpoint is rejecting a valid token
  2. TestRefreshToken::test_refresh_token_success - Expected 200, got 401
    - Token refresh is failing authentication
  3. TestAuthenticationDependency::test_auth_with_unverified_manager_token - Expected 403, got 401
    - Should return "Forbidden" for unverified manager, but returns "Unauthorized"
  4. TestAuthenticationDependency::test_auth_with_suspended_manager_token - Expected 403, got 401
    - Should return "Forbidden" for suspended manager, but returns "Unauthorized"

  Issue Analysis:

  The failures suggest that the authentication dependency (get_current_manager in app/api/dependencies.py) is not properly validating JWT tokens or looking up managers in the test database. The tokens are being rejected
  outright (401) before checking manager status (403).

  The error indicates the token validation is failing at an early stage, possibly in:
  - JWT token decoding
  - Manager lookup in the database
  - Token signature verification

  Would you like me to investigate and fix these authentication issues?

❯ yes

● I'll investigate and fix the authentication issues. Let me start by examining the authentication dependency code.                                                                                                              11:54 PM  claude-sonnet-4-5-20250929

● Read(/home/rikkt0r/projects/10xdevs_training_project/backend/app/api/dependencies.py)
  ⎿  Read 102 lines

● Read(/home/rikkt0r/projects/10xdevs_training_project/backend/app/core/security.py)
  ⎿  Read 118 lines

● Read(/home/rikkt0r/projects/10xdevs_training_project/backend/conftest.py · lines 1-50)
  ⎿  Read 50 lines

● Read(/home/rikkt0r/projects/10xdevs_training_project/backend/app/core/config.py)
  ⎿  Read 63 lines

● Bash(source venv/bin/activate && python -c "
      import os
      os.environ['JWT_SECRET_KEY'] = 'test-secret-key-for-jwt-token-generation-12345'
      os.environ['ENCRYPTION_KEY'] = 'test-key-32-bytes-long-please!!'
      os.environ['DATABASE_URL'] = 'sqlite:///:memory:'

      from app.core.config import settings
      print('JWT_SECRET_KEY:', settings.JWT_SECRET_KEY)
      print('JWT_ALGORITHM:', settings.JWT_ALGORITHM)

      from app.core.security import create_access_token, verify_token
      from datetime import timedelta

      # Test token creation and verification
      token = create_access_token({'sub': 123}, expires_delta=timedelta(hours=1))
      print('Token created:', token[:50] + '...')

      payload = verify_token(token)
      print('Token verified:', payload)
      ")
  ⎿  JWT_SECRET_KEY: test-secret-key-for-jwt-token-generation-12345
     JWT_ALGORITHM: HS256
     Token created: eyJhbGciOiJIUzI1NiIsInR5cCI6IkpXVCJ9.eyJzdWIiOjEyM...
     Token verified: None
     <string>:4: SyntaxWarning: invalid escape sequence '\!'

● Bash(source venv/bin/activate && python -c "
      import os
      os.environ['JWT_SECRET_KEY'] = 'test-secret-key-for-jwt-token-generation-12345'
      os.environ['ENCRYPTION_KEY'] = 'test-key-32-bytes-long-please-0'
      os.environ['DATABASE_URL'] = 'sqlite:///:memory:'

      from app.core.security import create_access_token
      from datetime import timedelta, datetime
      from jose import jwt

      # Create token
      token = create_access_token({'sub': 123}, expires_delta=timedelta(hours=1))
      print('Token:', token[:50])

      # Try to decode manually
      try:
          payload = jwt.decode(token, 'test-secret-key-for-jwt-token-generation-12345', algorithms=['HS256'])
          print('Decoded payload:', payload)
          print('Current time:', datetime.utcnow())
      except Exception as e:
          print('Error:', e)
      ")
  ⎿  Token: eyJhbGciOiJIUzI1NiIsInR5cCI6IkpXVCJ9.eyJzdWIiOjEyM
     Error: Subject must be a string.

● Bash(grep -n "create_access_token" app/api/endpoints/tests/test_auth.py | head -20)
  ⎿  (No content)

● Bash(grep -n "create_access_token" /home/rikkt0r/projects/10xdevs_training_project/backend/app/api/endpoints/tests/test_auth.py | head -20)
  ⎿  (No content)

● Read(/home/rikkt0r/projects/10xdevs_training_project/backend/app/api/endpoints/tests/test_auth.py · lines 155-179)
  ⎿  Read 25 lines

● Bash(grep -rn "create_access_token" app/services/ app/api/endpoints/ --include="*.py" | grep -v test)
  ⎿  No matches found

● Search(pattern: "create_access_token", path: "app", output_mode: "content")
  ⎿  Found 17 lines
     app/core/security.py:28:def create_access_token(data: dict, expires_delta: Optional[timedelta] = None) -> str:
     app/api/endpoints/tests/test_auth.py:159:        from app.core.security import create_access_token
     app/api/endpoints/tests/test_auth.py:167:        token = create_access_token(
     app/api/endpoints/tests/test_auth.py:396:        from app.core.security import create_access_token
     app/api/endpoints/tests/test_auth.py:399:        token = create_access_token(
     app/api/endpoints/tests/test_auth.py:433:        from app.core.security import create_access_token
     app/api/endpoints/tests/test_auth.py:435:        expired_token = create_access_token(
     app/api/endpoints/tests/test_auth.py:453:        from app.core.security import create_access_token
     app/api/endpoints/tests/test_auth.py:456:        token = create_access_token(
     app/api/endpoints/tests/test_auth.py:471:        from app.core.security import create_access_token
     app/api/endpoints/tests/test_auth.py:474:        token = create_access_token(
     app/api/endpoints/tests/test_auth.py:489:        from app.core.security import create_access_token
     app/api/endpoints/tests/test_auth.py:492:        token = create_access_token(
     app/api/endpoints/auth.py:9:from app.core.security import create_access_token
     app/api/endpoints/auth.py:114:    access_token = create_access_token(
     app/api/endpoints/auth.py:258:    access_token = create_access_token(
     app/services/auth_service.py:12:from app.core.security import hash_password, verify_password, create_access_token, hash_string

● Read(/home/rikkt0r/projects/10xdevs_training_project/backend/app/api/endpoints/auth.py · lines 110-119)
  ⎿  Read 10 lines

● Update(/home/rikkt0r/projects/10xdevs_training_project/backend/app/core/security.py)
  ⎿  Added 8 lines, removed 3 lines
      28  def create_access_token(data: dict, expires_delta: Optional[timedelta] = None) -> str:
      29      """
      30      Create a JWT access token.
      31 -
      31 +
      32      Args:
      33          data: Dictionary containing the claims to encode
      34          expires_delta: Optional expiration time delta
      35 -
      35 +
      36      Returns:
      37          Encoded JWT token string
      38      """
      39      to_encode = data.copy()
      40 +
      41 +    # Ensure 'sub' claim is a string (JWT spec requires it)
      42 +    if "sub" in to_encode and not isinstance(to_encode["sub"], str):
      43 +        to_encode["sub"] = str(to_encode["sub"])
      44 +
      45      if expires_delta:
      46          expire = datetime.utcnow() + expires_delta
      47      else:
      48          expire = datetime.utcnow() + timedelta(hours=settings.JWT_EXPIRY_HOURS)
      44 -
      49 +
      50      to_encode.update({"exp": expire})
      51      encoded_jwt = jwt.encode(
      52          to_encode,

● Update(/home/rikkt0r/projects/10xdevs_training_project/backend/app/api/dependencies.py)
  ⎿  Added 12 lines, removed 3 lines
      42              headers={"WWW-Authenticate": "Bearer"},
      43          )
      44
      45 -    # Get manager ID from payload
      46 -    manager_id: Optional[int] = payload.get("sub")
      47 -    if manager_id is None:
      45 +    # Get manager ID from payload (convert from string to int)
      46 +    manager_id_str: Optional[str] = payload.get("sub")
      47 +    if manager_id_str is None:
      48          raise HTTPException(
      49              status_code=status.HTTP_401_UNAUTHORIZED,
      50              detail="Invalid authentication credentials",
      51              headers={"WWW-Authenticate": "Bearer"},
      52          )
      53
      54 +    try:
      55 +        manager_id = int(manager_id_str)
      56 +    except (ValueError, TypeError):
      57 +        raise HTTPException(
      58 +            status_code=status.HTTP_401_UNAUTHORIZED,
      59 +            detail="Invalid authentication credentials",
      60 +            headers={"WWW-Authenticate": "Bearer"},
      61 +        )
      62 +
      63      # Get manager from database
      64      manager = db.query(Manager).filter(Manager.id == manager_id).first()
      65      if not manager:

● Bash(source venv/bin/activate && pytest app/api/endpoints/tests/test_auth.py::TestLogout::test_logout_success app/api/endpoints/tests/test_auth.py::TestRefreshToken::test_refresh_token_success app/api/endpoints/tests/test_auth.py::TestAuthenticationDependency -v)
  ⎿ ============================= test session starts ==============================
    platform linux -- Python 3.13.11, pytest-7.4.4, pluggy-1.6.0 -- /home/rikkt0r/projects/10xdevs_training_project/backend/venv/bin/python3
    cachedir: .pytest_cache
    rootdir: /home/rikkt0r/projects/10xdevs_training_project/backend
    configfile: pytest.ini
    plugins: asyncio-0.23.3, anyio-4.12.1, cov-4.1.0
    asyncio: mode=Mode.STRICT
    collecting ... collected 5 items

    app/api/endpoints/tests/test_auth.py::TestLogout::test_logout_success PASSED [ 20%]
    app/api/endpoints/tests/test_auth.py::TestRefreshToken::test_refresh_token_success PASSED [ 40%]
    app/api/endpoints/tests/test_auth.py::TestAuthenticationDependency::test_auth_with_unverified_manager_token PASSED [ 60%]
    app/api/endpoints/tests/test_auth.py::TestAuthenticationDependency::test_auth_with_suspended_manager_token PASSED [ 80%]
    app/api/endpoints/tests/test_auth.py::TestAuthenticationDependency::test_auth_with_nonexistent_manager_id PASSED [100%]

    =============================== warnings summary ===============================
    app/core/config.py:8
      /home/rikkt0r/projects/10xdevs_training_project/backend/app/core/config.py:8: PydanticDeprecatedSince20: Support for class-based `config` is deprecated, use ConfigDict instead. Deprecated in Pydantic V2.0 to be removed in V3.0. See Pydantic V2 Migration
    Guide at https://errors.pydantic.dev/2.12/migration/
        class Settings(BaseSettings):

    app/core/database.py:21
      /home/rikkt0r/projects/10xdevs_training_project/backend/app/core/database.py:21: MovedIn20Warning: The ``declarative_base()`` function is now available as sqlalchemy.orm.declarative_base(). (deprecated since: 2.0) (Background on SQLAlchemy 2.0 at:
    https://sqlalche.me/e/b8d9)
        Base = declarative_base()

    app/schemas/auth.py:17
      /home/rikkt0r/projects/10xdevs_training_project/backend/app/schemas/auth.py:17: PydanticDeprecatedSince20: Support for class-based `config` is deprecated, use ConfigDict instead. Deprecated in Pydantic V2.0 to be removed in V3.0. See Pydantic V2 Migration
    Guide at https://errors.pydantic.dev/2.12/migration/
        class RegisterResponse(BaseModel):

    app/schemas/auth.py:36
      /home/rikkt0r/projects/10xdevs_training_project/backend/app/schemas/auth.py:36: PydanticDeprecatedSince20: Support for class-based `config` is deprecated, use ConfigDict instead. Deprecated in Pydantic V2.0 to be removed in V3.0. See Pydantic V2 Migration
    Guide at https://errors.pydantic.dev/2.12/migration/
        class ManagerInfo(BaseModel):

    app/main.py:61
      /home/rikkt0r/projects/10xdevs_training_project/backend/app/main.py:61: DeprecationWarning:
              on_event is deprecated, use lifespan event handlers instead.

              Read more about it in the
              [FastAPI docs for Lifespan Events](https://fastapi.tiangolo.com/advanced/events/).

        @app.on_event("startup")

    venv/lib/python3.13/site-packages/fastapi/applications.py:4495
    venv/lib/python3.13/site-packages/fastapi/applications.py:4495
      /home/rikkt0r/projects/10xdevs_training_project/backend/venv/lib/python3.13/site-packages/fastapi/applications.py:4495: DeprecationWarning:
              on_event is deprecated, use lifespan event handlers instead.

              Read more about it in the
              [FastAPI docs for Lifespan Events](https://fastapi.tiangolo.com/advanced/events/).

        return self.router.on_event(event_type)

    app/main.py:67
      /home/rikkt0r/projects/10xdevs_training_project/backend/app/main.py:67: DeprecationWarning:
              on_event is deprecated, use lifespan event handlers instead.

              Read more about it in the
              [FastAPI docs for Lifespan Events](https://fastapi.tiangolo.com/advanced/events/).

        @app.on_event("shutdown")

    app/api/endpoints/tests/test_auth.py::TestLogout::test_logout_success
    app/api/endpoints/tests/test_auth.py::TestRefreshToken::test_refresh_token_success
      /home/rikkt0r/projects/10xdevs_training_project/backend/conftest.py:153: DeprecationWarning: datetime.datetime.utcnow() is deprecated and scheduled for removal in a future version. Use timezone-aware objects to represent datetimes in UTC:
    datetime.datetime.now(datetime.UTC).
        email_verified_at=datetime.utcnow(),

    app/api/endpoints/tests/test_auth.py::TestLogout::test_logout_success
    app/api/endpoints/tests/test_auth.py::TestRefreshToken::test_refresh_token_success
    app/api/endpoints/tests/test_auth.py::TestRefreshToken::test_refresh_token_success
    app/api/endpoints/tests/test_auth.py::TestAuthenticationDependency::test_auth_with_unverified_manager_token
    app/api/endpoints/tests/test_auth.py::TestAuthenticationDependency::test_auth_with_suspended_manager_token
    app/api/endpoints/tests/test_auth.py::TestAuthenticationDependency::test_auth_with_nonexistent_manager_id
      /home/rikkt0r/projects/10xdevs_training_project/backend/app/core/security.py:46: DeprecationWarning: datetime.datetime.utcnow() is deprecated and scheduled for removal in a future version. Use timezone-aware objects to represent datetimes in UTC:
    datetime.datetime.now(datetime.UTC).
        expire = datetime.utcnow() + expires_delta

    app/api/endpoints/tests/test_auth.py::TestLogout::test_logout_success
    app/api/endpoints/tests/test_auth.py::TestRefreshToken::test_refresh_token_success
    app/api/endpoints/tests/test_auth.py::TestAuthenticationDependency::test_auth_with_unverified_manager_token
    app/api/endpoints/tests/test_auth.py::TestAuthenticationDependency::test_auth_with_suspended_manager_token
    app/api/endpoints/tests/test_auth.py::TestAuthenticationDependency::test_auth_with_nonexistent_manager_id
      /home/rikkt0r/projects/10xdevs_training_project/backend/venv/lib/python3.13/site-packages/jose/jwt.py:311: DeprecationWarning: datetime.datetime.utcnow() is deprecated and scheduled for removal in a future version. Use timezone-aware objects to represent
    datetimes in UTC: datetime.datetime.now(datetime.UTC).
        now = timegm(datetime.utcnow().utctimetuple())

    app/api/endpoints/tests/test_auth.py::TestAuthenticationDependency::test_auth_with_suspended_manager_token
      /home/rikkt0r/projects/10xdevs_training_project/backend/conftest.py:187: DeprecationWarning: datetime.datetime.utcnow() is deprecated and scheduled for removal in a future version. Use timezone-aware objects to represent datetimes in UTC:
    datetime.datetime.now(datetime.UTC).
        email_verified_at=datetime.utcnow(),

    -- Docs: https://docs.pytest.org/en/stable/how-to/capture-warnings.html

    ---------- coverage: platform linux, python 3.13.11-final-0 ----------
    Name                                          Stmts   Miss  Cover   Missing
    ---------------------------------------------------------------------------
    app/__init__.py                                   0      0   100%
    app/api/__init__.py                               0      0   100%
    app/api/dependencies.py                          32      7    78%   39, 48, 56-57, 104-110
    app/api/endpoints/__init__.py                     2      0   100%
    app/api/endpoints/auth.py                        61     30    51%   47-61, 87-120, 161-163, 179-195, 211-221, 238-244
    app/api/endpoints/tests/__init__.py               0      0   100%
    app/api/endpoints/tests/test_auth.py            205    116    43%   19-28, 32-39, 43-49, 53-59, 67-74, 78-82, 90-101, 105-111, 115-121, 125-131, 135-141, 145-150, 182-184, 188-193, 201-210, 214-219, 223-228, 233-243, 251-257, 261-267, 271-278, 282-286,
    294-300, 304-311, 315-319, 327-341, 345-351, 355-361, 365-370, 375-387, 417-419, 423-428, 432-445
    app/api/tests/__init__.py                         0      0   100%
    app/api/tests/test_health.py                      8      8     0%   4-14
    app/core/__init__.py                              0      0   100%
    app/core/config.py                               33      0   100%
    app/core/database.py                             12      4    67%   33-37
    app/core/security.py                             40     13    68%   20, 25, 48, 76-77, 91-93, 106-109, 122
    app/main.py                                      22      1    95%   43
    app/models/__init__.py                           12      0   100%
    app/models/board.py                              22      0   100%
    app/models/board_keyword.py                      12      0   100%
    app/models/email_inbox.py                        28      0   100%
    app/models/external_ticket.py                    19      0   100%
    app/models/manager.py                            20      0   100%
    app/models/manager_token.py                      15      0   100%
    app/models/processed_email.py                    14      0   100%
    app/models/standby_queue_item.py                 18      0   100%
    app/models/ticket.py                             21      0   100%
    app/models/ticket_status_change.py               14      0   100%
    app/schemas/__init__.py                           0      0   100%
    app/schemas/auth.py                              47      0   100%
    app/services/__init__.py                          0      0   100%
    app/services/auth_service.py                     70     52    26%   43-62, 76-89, 105-137, 151-159, 173-193, 210-242
    app/services/email/__init__.py                    0      0   100%
    app/services/email_service.py                    41     25    39%   42-69, 82-102, 115-135
    app/services/external_platforms/__init__.py       0      0   100%
    ---------------------------------------------------------------------------
    TOTAL                                           768    256    67%
    Coverage HTML written to dir htmlcov

    ======================== 5 passed, 22 warnings in 0.32s ========================

● Bash(source venv/bin/activate && pytest -v --tb=short)
  ⎿ ============================= test session starts ==============================
    platform linux -- Python 3.13.11, pytest-7.4.4, pluggy-1.6.0 -- /home/rikkt0r/projects/10xdevs_training_project/backend/venv/bin/python3
    cachedir: .pytest_cache
    rootdir: /home/rikkt0r/projects/10xdevs_training_project/backend
    configfile: pytest.ini
    testpaths: app
    plugins: asyncio-0.23.3, anyio-4.12.1, cov-4.1.0
    asyncio: mode=Mode.STRICT
    collecting ... collected 39 items

    app/api/endpoints/tests/test_auth.py::TestRegister::test_register_success PASSED [  2%]
    app/api/endpoints/tests/test_auth.py::TestRegister::test_register_duplicate_email PASSED [  5%]
    app/api/endpoints/tests/test_auth.py::TestRegister::test_register_invalid_email PASSED [  7%]
    app/api/endpoints/tests/test_auth.py::TestRegister::test_register_short_password PASSED [ 10%]
    app/api/endpoints/tests/test_auth.py::TestRegister::test_register_empty_name PASSED [ 12%]
    app/api/endpoints/tests/test_auth.py::TestRegister::test_register_missing_fields PASSED [ 15%]
    app/api/endpoints/tests/test_auth.py::TestLogin::test_login_success PASSED [ 17%]
    app/api/endpoints/tests/test_auth.py::TestLogin::test_login_invalid_email PASSED [ 20%]
    app/api/endpoints/tests/test_auth.py::TestLogin::test_login_invalid_password PASSED [ 23%]
    app/api/endpoints/tests/test_auth.py::TestLogin::test_login_unverified_email PASSED [ 25%]
    app/api/endpoints/tests/test_auth.py::TestLogin::test_login_suspended_account PASSED [ 28%]
    app/api/endpoints/tests/test_auth.py::TestLogin::test_login_invalid_email_format PASSED [ 30%]
    app/api/endpoints/tests/test_auth.py::TestLogout::test_logout_success PASSED [ 33%]
    app/api/endpoints/tests/test_auth.py::TestLogout::test_logout_no_token PASSED [ 35%]
    app/api/endpoints/tests/test_auth.py::TestLogout::test_logout_invalid_token PASSED [ 38%]
    app/api/endpoints/tests/test_auth.py::TestVerifyEmail::test_verify_email_success PASSED [ 41%]
    app/api/endpoints/tests/test_auth.py::TestVerifyEmail::test_verify_email_invalid_token PASSED [ 43%]
    app/api/endpoints/tests/test_auth.py::TestVerifyEmail::test_verify_email_expired_token PASSED [ 46%]
    app/api/endpoints/tests/test_auth.py::TestVerifyEmail::test_verify_email_already_used_token PASSED [ 48%]
    app/api/endpoints/tests/test_auth.py::TestResendVerification::test_resend_verification_success PASSED [ 51%]
    app/api/endpoints/tests/test_auth.py::TestResendVerification::test_resend_verification_already_verified PASSED [ 53%]
    app/api/endpoints/tests/test_auth.py::TestResendVerification::test_resend_verification_nonexistent_email PASSED [ 56%]
    app/api/endpoints/tests/test_auth.py::TestResendVerification::test_resend_verification_invalid_email_format PASSED [ 58%]
    app/api/endpoints/tests/test_auth.py::TestForgotPassword::test_forgot_password_success PASSED [ 61%]
    app/api/endpoints/tests/test_auth.py::TestForgotPassword::test_forgot_password_nonexistent_email PASSED [ 64%]
    app/api/endpoints/tests/test_auth.py::TestForgotPassword::test_forgot_password_invalid_email_format PASSED [ 66%]
    app/api/endpoints/tests/test_auth.py::TestResetPassword::test_reset_password_success PASSED [ 69%]
    app/api/endpoints/tests/test_auth.py::TestResetPassword::test_reset_password_invalid_token PASSED [ 71%]
    app/api/endpoints/tests/test_auth.py::TestResetPassword::test_reset_password_expired_token PASSED [ 74%]
    app/api/endpoints/tests/test_auth.py::TestResetPassword::test_reset_password_short_password PASSED [ 76%]
    app/api/endpoints/tests/test_auth.py::TestResetPassword::test_reset_password_already_used_token PASSED [ 79%]
    app/api/endpoints/tests/test_auth.py::TestRefreshToken::test_refresh_token_success PASSED [ 82%]
    app/api/endpoints/tests/test_auth.py::TestRefreshToken::test_refresh_token_no_auth PASSED [ 84%]
    app/api/endpoints/tests/test_auth.py::TestRefreshToken::test_refresh_token_invalid_token PASSED [ 87%]
    app/api/endpoints/tests/test_auth.py::TestRefreshToken::test_refresh_token_expired_token PASSED [ 89%]
    app/api/endpoints/tests/test_auth.py::TestAuthenticationDependency::test_auth_with_unverified_manager_token PASSED [ 92%]
    app/api/endpoints/tests/test_auth.py::TestAuthenticationDependency::test_auth_with_suspended_manager_token PASSED [ 94%]
    app/api/endpoints/tests/test_auth.py::TestAuthenticationDependency::test_auth_with_nonexistent_manager_id PASSED [ 97%]
    app/api/tests/test_health.py::test_health_check PASSED                   [100%]

    =============================== warnings summary ===============================
    app/core/config.py:8
      /home/rikkt0r/projects/10xdevs_training_project/backend/app/core/config.py:8: PydanticDeprecatedSince20: Support for class-based `config` is deprecated, use ConfigDict instead. Deprecated in Pydantic V2.0 to be removed in V3.0. See Pydantic V2 Migration
    Guide at https://errors.pydantic.dev/2.12/migration/
        class Settings(BaseSettings):

    app/core/database.py:21
      /home/rikkt0r/projects/10xdevs_training_project/backend/app/core/database.py:21: MovedIn20Warning: The ``declarative_base()`` function is now available as sqlalchemy.orm.declarative_base(). (deprecated since: 2.0) (Background on SQLAlchemy 2.0 at:
    https://sqlalche.me/e/b8d9)
        Base = declarative_base()

    app/schemas/auth.py:17
      /home/rikkt0r/projects/10xdevs_training_project/backend/app/schemas/auth.py:17: PydanticDeprecatedSince20: Support for class-based `config` is deprecated, use ConfigDict instead. Deprecated in Pydantic V2.0 to be removed in V3.0. See Pydantic V2 Migration
    Guide at https://errors.pydantic.dev/2.12/migration/
        class RegisterResponse(BaseModel):

    app/schemas/auth.py:36
      /home/rikkt0r/projects/10xdevs_training_project/backend/app/schemas/auth.py:36: PydanticDeprecatedSince20: Support for class-based `config` is deprecated, use ConfigDict instead. Deprecated in Pydantic V2.0 to be removed in V3.0. See Pydantic V2 Migration
    Guide at https://errors.pydantic.dev/2.12/migration/
        class ManagerInfo(BaseModel):

    app/main.py:61
      /home/rikkt0r/projects/10xdevs_training_project/backend/app/main.py:61: DeprecationWarning:
              on_event is deprecated, use lifespan event handlers instead.

              Read more about it in the
              [FastAPI docs for Lifespan Events](https://fastapi.tiangolo.com/advanced/events/).

        @app.on_event("startup")

    venv/lib/python3.13/site-packages/fastapi/applications.py:4495
    venv/lib/python3.13/site-packages/fastapi/applications.py:4495
      /home/rikkt0r/projects/10xdevs_training_project/backend/venv/lib/python3.13/site-packages/fastapi/applications.py:4495: DeprecationWarning:
              on_event is deprecated, use lifespan event handlers instead.

              Read more about it in the
              [FastAPI docs for Lifespan Events](https://fastapi.tiangolo.com/advanced/events/).

        return self.router.on_event(event_type)

    app/main.py:67
      /home/rikkt0r/projects/10xdevs_training_project/backend/app/main.py:67: DeprecationWarning:
              on_event is deprecated, use lifespan event handlers instead.

              Read more about it in the
              [FastAPI docs for Lifespan Events](https://fastapi.tiangolo.com/advanced/events/).

        @app.on_event("shutdown")

    app/api/endpoints/tests/test_auth.py::TestRegister::test_register_success
    app/api/endpoints/tests/test_auth.py::TestRegister::test_register_empty_name
    app/api/endpoints/tests/test_auth.py::TestResendVerification::test_resend_verification_success
      /home/rikkt0r/projects/10xdevs_training_project/backend/app/services/auth_service.py:84: DeprecationWarning: datetime.datetime.utcnow() is deprecated and scheduled for removal in a future version. Use timezone-aware objects to represent datetimes in UTC:
    datetime.datetime.now(datetime.UTC).
        expires_at=datetime.utcnow() + timedelta(hours=24)

    app/api/endpoints/tests/test_auth.py: 12 warnings
      /home/rikkt0r/projects/10xdevs_training_project/backend/conftest.py:153: DeprecationWarning: datetime.datetime.utcnow() is deprecated and scheduled for removal in a future version. Use timezone-aware objects to represent datetimes in UTC:
    datetime.datetime.now(datetime.UTC).
        email_verified_at=datetime.utcnow(),

    app/api/endpoints/tests/test_auth.py::TestLogin::test_login_success
    app/api/endpoints/tests/test_auth.py::TestLogout::test_logout_success
    app/api/endpoints/tests/test_auth.py::TestRefreshToken::test_refresh_token_success
    app/api/endpoints/tests/test_auth.py::TestRefreshToken::test_refresh_token_success
    app/api/endpoints/tests/test_auth.py::TestRefreshToken::test_refresh_token_expired_token
    app/api/endpoints/tests/test_auth.py::TestAuthenticationDependency::test_auth_with_unverified_manager_token
    app/api/endpoints/tests/test_auth.py::TestAuthenticationDependency::test_auth_with_suspended_manager_token
    app/api/endpoints/tests/test_auth.py::TestAuthenticationDependency::test_auth_with_nonexistent_manager_id
      /home/rikkt0r/projects/10xdevs_training_project/backend/app/core/security.py:46: DeprecationWarning: datetime.datetime.utcnow() is deprecated and scheduled for removal in a future version. Use timezone-aware objects to represent datetimes in UTC:
    datetime.datetime.now(datetime.UTC).
        expire = datetime.utcnow() + expires_delta

    app/api/endpoints/tests/test_auth.py::TestLogin::test_login_suspended_account
    app/api/endpoints/tests/test_auth.py::TestAuthenticationDependency::test_auth_with_suspended_manager_token
      /home/rikkt0r/projects/10xdevs_training_project/backend/conftest.py:187: DeprecationWarning: datetime.datetime.utcnow() is deprecated and scheduled for removal in a future version. Use timezone-aware objects to represent datetimes in UTC:
    datetime.datetime.now(datetime.UTC).
        email_verified_at=datetime.utcnow(),

    app/api/endpoints/tests/test_auth.py::TestLogout::test_logout_success
    app/api/endpoints/tests/test_auth.py::TestRefreshToken::test_refresh_token_success
    app/api/endpoints/tests/test_auth.py::TestRefreshToken::test_refresh_token_expired_token
    app/api/endpoints/tests/test_auth.py::TestAuthenticationDependency::test_auth_with_unverified_manager_token
    app/api/endpoints/tests/test_auth.py::TestAuthenticationDependency::test_auth_with_suspended_manager_token
    app/api/endpoints/tests/test_auth.py::TestAuthenticationDependency::test_auth_with_nonexistent_manager_id
      /home/rikkt0r/projects/10xdevs_training_project/backend/venv/lib/python3.13/site-packages/jose/jwt.py:311: DeprecationWarning: datetime.datetime.utcnow() is deprecated and scheduled for removal in a future version. Use timezone-aware objects to represent
    datetimes in UTC: datetime.datetime.now(datetime.UTC).
        now = timegm(datetime.utcnow().utctimetuple())

    app/api/endpoints/tests/test_auth.py::TestVerifyEmail::test_verify_email_success
    app/api/endpoints/tests/test_auth.py::TestVerifyEmail::test_verify_email_already_used_token
      /home/rikkt0r/projects/10xdevs_training_project/backend/conftest.py:223: DeprecationWarning: datetime.datetime.utcnow() is deprecated and scheduled for removal in a future version. Use timezone-aware objects to represent datetimes in UTC:
    datetime.datetime.now(datetime.UTC).
        expires_at=datetime.utcnow() + timedelta(hours=24)

    app/api/endpoints/tests/test_auth.py::TestVerifyEmail::test_verify_email_success
    app/api/endpoints/tests/test_auth.py::TestVerifyEmail::test_verify_email_expired_token
    app/api/endpoints/tests/test_auth.py::TestVerifyEmail::test_verify_email_already_used_token
      /home/rikkt0r/projects/10xdevs_training_project/backend/app/services/auth_service.py:121: DeprecationWarning: datetime.datetime.utcnow() is deprecated and scheduled for removal in a future version. Use timezone-aware objects to represent datetimes in UTC:
    datetime.datetime.now(datetime.UTC).
        if manager_token.expires_at < datetime.utcnow():

    app/api/endpoints/tests/test_auth.py::TestVerifyEmail::test_verify_email_success
    app/api/endpoints/tests/test_auth.py::TestVerifyEmail::test_verify_email_already_used_token
      /home/rikkt0r/projects/10xdevs_training_project/backend/app/services/auth_service.py:128: DeprecationWarning: datetime.datetime.utcnow() is deprecated and scheduled for removal in a future version. Use timezone-aware objects to represent datetimes in UTC:
    datetime.datetime.now(datetime.UTC).
        manager_token.used_at = datetime.utcnow()

    app/api/endpoints/tests/test_auth.py::TestVerifyEmail::test_verify_email_success
    app/api/endpoints/tests/test_auth.py::TestVerifyEmail::test_verify_email_already_used_token
      /home/rikkt0r/projects/10xdevs_training_project/backend/app/services/auth_service.py:132: DeprecationWarning: datetime.datetime.utcnow() is deprecated and scheduled for removal in a future version. Use timezone-aware objects to represent datetimes in UTC:
    datetime.datetime.now(datetime.UTC).
        manager.email_verified_at = datetime.utcnow()

    app/api/endpoints/tests/test_auth.py::TestVerifyEmail::test_verify_email_expired_token
      /home/rikkt0r/projects/10xdevs_training_project/backend/conftest.py:242: DeprecationWarning: datetime.datetime.utcnow() is deprecated and scheduled for removal in a future version. Use timezone-aware objects to represent datetimes in UTC:
    datetime.datetime.now(datetime.UTC).
        expires_at=datetime.utcnow() - timedelta(hours=1)  # Expired

    app/api/endpoints/tests/test_auth.py::TestForgotPassword::test_forgot_password_success
      /home/rikkt0r/projects/10xdevs_training_project/backend/app/services/auth_service.py:181: DeprecationWarning: datetime.datetime.utcnow() is deprecated and scheduled for removal in a future version. Use timezone-aware objects to represent datetimes in UTC:
    datetime.datetime.now(datetime.UTC).
        ).update({"used_at": datetime.utcnow()})

    app/api/endpoints/tests/test_auth.py::TestForgotPassword::test_forgot_password_success
      /home/rikkt0r/projects/10xdevs_training_project/backend/app/services/auth_service.py:188: DeprecationWarning: datetime.datetime.utcnow() is deprecated and scheduled for removal in a future version. Use timezone-aware objects to represent datetimes in UTC:
    datetime.datetime.now(datetime.UTC).
        expires_at=datetime.utcnow() + timedelta(hours=1)

    app/api/endpoints/tests/test_auth.py::TestResetPassword::test_reset_password_success
    app/api/endpoints/tests/test_auth.py::TestResetPassword::test_reset_password_short_password
    app/api/endpoints/tests/test_auth.py::TestResetPassword::test_reset_password_already_used_token
      /home/rikkt0r/projects/10xdevs_training_project/backend/conftest.py:261: DeprecationWarning: datetime.datetime.utcnow() is deprecated and scheduled for removal in a future version. Use timezone-aware objects to represent datetimes in UTC:
    datetime.datetime.now(datetime.UTC).
        expires_at=datetime.utcnow() + timedelta(hours=1)

    app/api/endpoints/tests/test_auth.py::TestResetPassword::test_reset_password_success
    app/api/endpoints/tests/test_auth.py::TestResetPassword::test_reset_password_expired_token
    app/api/endpoints/tests/test_auth.py::TestResetPassword::test_reset_password_already_used_token
      /home/rikkt0r/projects/10xdevs_training_project/backend/app/services/auth_service.py:226: DeprecationWarning: datetime.datetime.utcnow() is deprecated and scheduled for removal in a future version. Use timezone-aware objects to represent datetimes in UTC:
    datetime.datetime.now(datetime.UTC).
        if manager_token.expires_at < datetime.utcnow():

    app/api/endpoints/tests/test_auth.py::TestResetPassword::test_reset_password_success
    app/api/endpoints/tests/test_auth.py::TestResetPassword::test_reset_password_already_used_token
      /home/rikkt0r/projects/10xdevs_training_project/backend/app/services/auth_service.py:233: DeprecationWarning: datetime.datetime.utcnow() is deprecated and scheduled for removal in a future version. Use timezone-aware objects to represent datetimes in UTC:
    datetime.datetime.now(datetime.UTC).
        manager_token.used_at = datetime.utcnow()

    app/api/endpoints/tests/test_auth.py::TestResetPassword::test_reset_password_expired_token
      /home/rikkt0r/projects/10xdevs_training_project/backend/conftest.py:280: DeprecationWarning: datetime.datetime.utcnow() is deprecated and scheduled for removal in a future version. Use timezone-aware objects to represent datetimes in UTC:
    datetime.datetime.now(datetime.UTC).
        expires_at=datetime.utcnow() - timedelta(hours=1)  # Expired

    -- Docs: https://docs.pytest.org/en/stable/how-to/capture-warnings.html

    ---------- coverage: platform linux, python 3.13.11-final-0 ----------
    Name                                          Stmts   Miss  Cover   Missing
    ---------------------------------------------------------------------------
    app/__init__.py                                   0      0   100%
    app/api/__init__.py                               0      0   100%
    app/api/dependencies.py                          32      6    81%   48, 56-57, 104-110
    app/api/endpoints/__init__.py                     2      0   100%
    app/api/endpoints/auth.py                        61      0   100%
    app/api/endpoints/tests/__init__.py               0      0   100%
    app/api/endpoints/tests/test_auth.py            205      0   100%
    app/api/tests/__init__.py                         0      0   100%
    app/api/tests/test_health.py                      8      0   100%
    app/core/__init__.py                              0      0   100%
    app/core/config.py                               33      0   100%
    app/core/database.py                             12      4    67%   33-37
    app/core/security.py                             40     10    75%   20, 25, 48, 91-93, 106-109
    app/main.py                                      22      0   100%
    app/models/__init__.py                           12      0   100%
    app/models/board.py                              22      0   100%
    app/models/board_keyword.py                      12      0   100%
    app/models/email_inbox.py                        28      0   100%
    app/models/external_ticket.py                    19      0   100%
    app/models/manager.py                            20      0   100%
    app/models/manager_token.py                      15      0   100%
    app/models/processed_email.py                    14      0   100%
    app/models/standby_queue_item.py                 18      0   100%
    app/models/ticket.py                             21      0   100%
    app/models/ticket_status_change.py               14      0   100%
    app/schemas/__init__.py                           0      0   100%
    app/schemas/auth.py                              47      0   100%
    app/services/__init__.py                          0      0   100%
    app/services/auth_service.py                     70      0   100%
    app/services/email/__init__.py                    0      0   100%
    app/services/email_service.py                    41     25    39%   42-69, 82-102, 115-135
    app/services/external_platforms/__init__.py       0      0   100%
    ---------------------------------------------------------------------------
    TOTAL                                           768     45    94%
    Coverage HTML written to dir htmlcov

    ======================= 39 passed, 60 warnings in 1.07s ========================

∴ Thinking…

  All tests are now passing! Let me provide a summary of what was fixed.

● Perfect! All tests are now passing! 🎉                                                                                                                                                                                         11:56 PM  claude-sonnet-4-5-20250929

  Test Results Summary:

  - ✅ 39/39 tests passed (100% pass rate)
  - 📊 94% code coverage (up from 92%)
  - ⚡ Test execution: 1.07 seconds

  Issues Fixed:

  Root Cause:

  The JWT library (python-jose) requires the sub (subject) claim in JWT tokens to be a string, but the code was passing integer manager IDs, causing token verification to fail.

  Changes Made:

  1. app/core/security.py:28 - Updated create_access_token():
    - Added automatic conversion of sub claim from integer to string
    - Ensures JWT spec compliance
  2. app/api/dependencies.py:45 - Updated get_current_manager():
    - Added conversion of sub claim back to integer when retrieving manager ID
    - Added proper error handling for invalid conversions

  Test Breakdown:

  - ✅ Authentication endpoints: 38 tests passing
  - ✅ Health check: 1 test passing

  Previously Failing Tests (Now Fixed):

  1. ✅ TestLogout::test_logout_success
  2. ✅ TestRefreshToken::test_refresh_token_success
  3. ✅ TestAuthenticationDependency::test_auth_with_unverified_manager_token
  4. ✅ TestAuthenticationDependency::test_auth_with_suspended_manager_token

  All authentication flows now work correctly with proper JWT token handling!

✻ Sautéed for 1m 47s

────────────────────────────────────────